{"numTotalTestSuites":719,"numPassedTestSuites":717,"numFailedTestSuites":2,"numPendingTestSuites":0,"numTotalTests":2442,"numPassedTests":2440,"numFailedTests":2,"numPendingTests":0,"numTodoTests":0,"snapshot":{"added":0,"failure":false,"filesAdded":0,"filesRemoved":0,"filesRemovedList":[],"filesUnmatched":0,"filesUpdated":0,"matched":0,"total":0,"unchecked":0,"uncheckedKeysByFile":[],"unmatched":0,"updated":0,"didUpdate":false},"startTime":1785308360803,"success":false,"testResults":[{"assertionResults":[{"ancestorTitles":["appUsers router — procedures called by UserManagement.tsx"],"fullName":"appUsers router — procedures called by UserManagement.tsx listUsers is ownerProcedure-bound","status":"passed","title":"listUsers is ownerProcedure-bound","duration":4.670959000000039,"failureMessages":[],"meta":{}},{"ancestorTitles":["appUsers router — procedures called by UserManagement.tsx"],"fullName":"appUsers router — procedures called by UserManagement.tsx createUser is ownerProcedure-bound","status":"passed","title":"createUser is ownerProcedure-bound","duration":0.17616700000007768,"failureMessages":[],"meta":{}},{"ancestorTitles":["appUsers router — procedures called by UserManagement.tsx"],"fullName":"appUsers router — procedures called by UserManagement.tsx updateUser is ownerProcedure-bound","status":"passed","title":"updateUser is ownerProcedure-bound","duration":0.09487499999977445,"failureMessages":[],"meta":{}},{"ancestorTitles":["appUsers router — procedures called by UserManagement.tsx"],"fullName":"appUsers router — procedures called by UserManagement.tsx deleteUser is ownerProcedure-bound","status":"passed","title":"deleteUser is ownerProcedure-bound","duration":0.07641700000021956,"failureMessages":[],"meta":{}},{"ancestorTitles":["appUsers router — procedures called by UserManagement.tsx"],"fullName":"appUsers router — procedures called by UserManagement.tsx forceLogoutUser is ownerProcedure-bound","status":"passed","title":"forceLogoutUser is ownerProcedure-bound","duration":0.07429199999978664,"failureMessages":[],"meta":{}},{"ancestorTitles":["appUsers router — procedures called by UserManagement.tsx"],"fullName":"appUsers router — procedures called by UserManagement.tsx forceLogoutAll is ownerProcedure-bound","status":"passed","title":"forceLogoutAll is ownerProcedure-bound","duration":0.0810830000000351,"failureMessages":[],"meta":{}},{"ancestorTitles":["appUsers router — procedures called by UserManagement.tsx"],"fullName":"appUsers router — procedures called by UserManagement.tsx adminDisconnectDiscord is ownerProcedure-bound","status":"passed","title":"adminDisconnectDiscord is ownerProcedure-bound","duration":0.06604199999992488,"failureMessages":[],"meta":{}},{"ancestorTitles":["appUsers router — procedures called by UserManagement.tsx"],"fullName":"appUsers router — procedures called by UserManagement.tsx generateDiscordInvite is ownerProcedure-bound","status":"passed","title":"generateDiscordInvite is ownerProcedure-bound","duration":0.06787500000018554,"failureMessages":[],"meta":{}},{"ancestorTitles":["appUsers router — procedures called by UserManagement.tsx"],"fullName":"appUsers router — procedures called by UserManagement.tsx syncDiscordRole is ownerProcedure-bound","status":"passed","title":"syncDiscordRole is ownerProcedure-bound","duration":0.19087500000023283,"failureMessages":[],"meta":{}},{"ancestorTitles":["appUsers router — procedures called by UserManagement.tsx"],"fullName":"appUsers router — procedures called by UserManagement.tsx setManualDiscordId is ownerProcedure-bound","status":"passed","title":"setManualDiscordId is ownerProcedure-bound","duration":0.08449999999993452,"failureMessages":[],"meta":{}},{"ancestorTitles":["metrics router — procedures called by UserActivity.tsx"],"fullName":"metrics router — procedures called by UserActivity.tsx getSessionMetrics is ownerProcedure-bound","status":"passed","title":"getSessionMetrics is ownerProcedure-bound","duration":0.054249999999683496,"failureMessages":[],"meta":{}},{"ancestorTitles":["metrics router — procedures called by UserActivity.tsx"],"fullName":"metrics router — procedures called by UserActivity.tsx getMemberMetrics is ownerProcedure-bound","status":"passed","title":"getMemberMetrics is ownerProcedure-bound","duration":0.04750000000012733,"failureMessages":[],"meta":{}},{"ancestorTitles":["metrics router — procedures called by UserActivity.tsx"],"fullName":"metrics router — procedures called by UserActivity.tsx getDurationHistogram is ownerProcedure-bound","status":"passed","title":"getDurationHistogram is ownerProcedure-bound","duration":0.19762500000024374,"failureMessages":[],"meta":{}},{"ancestorTitles":["metrics router — procedures called by UserActivity.tsx"],"fullName":"metrics router — procedures called by UserActivity.tsx imports ownerProcedure from the appUsers router (single source of the owner check)","status":"passed","title":"imports ownerProcedure from the appUsers router (single source of the owner check)","duration":0.22783299999991868,"failureMessages":[],"meta":{}},{"ancestorTitles":["games router (routers.ts) — procedures called by PublishProjections.tsx"],"fullName":"games router (routers.ts) — procedures called by PublishProjections.tsx games.listStaging is ownerProcedure-bound","status":"passed","title":"games.listStaging is ownerProcedure-bound","duration":0.21579099999962637,"failureMessages":[],"meta":{}},{"ancestorTitles":["games router (routers.ts) — procedures called by PublishProjections.tsx"],"fullName":"games router (routers.ts) — procedures called by PublishProjections.tsx games.updateProjections is ownerProcedure-bound","status":"passed","title":"games.updateProjections is ownerProcedure-bound","duration":0.12725000000000364,"failureMessages":[],"meta":{}},{"ancestorTitles":["games router (routers.ts) — procedures called by PublishProjections.tsx"],"fullName":"games router (routers.ts) — procedures called by PublishProjections.tsx games.setPublished is ownerProcedure-bound","status":"passed","title":"games.setPublished is ownerProcedure-bound","duration":0.18174999999973807,"failureMessages":[],"meta":{}},{"ancestorTitles":["games router (routers.ts) — procedures called by PublishProjections.tsx"],"fullName":"games router (routers.ts) — procedures called by PublishProjections.tsx games.setModelPublished is ownerProcedure-bound","status":"passed","title":"games.setModelPublished is ownerProcedure-bound","duration":0.146125000000211,"failureMessages":[],"meta":{}},{"ancestorTitles":["games router (routers.ts) — procedures called by PublishProjections.tsx"],"fullName":"games router (routers.ts) — procedures called by PublishProjections.tsx games.bulkApproveModels is ownerProcedure-bound","status":"passed","title":"games.bulkApproveModels is ownerProcedure-bound","duration":0.10608300000012605,"failureMessages":[],"meta":{}},{"ancestorTitles":["games router (routers.ts) — procedures called by PublishProjections.tsx"],"fullName":"games router (routers.ts) — procedures called by PublishProjections.tsx games.publishAll is ownerProcedure-bound","status":"passed","title":"games.publishAll is ownerProcedure-bound","duration":0.06124999999974534,"failureMessages":[],"meta":{}},{"ancestorTitles":["games router (routers.ts) — procedures called by PublishProjections.tsx"],"fullName":"games router (routers.ts) — procedures called by PublishProjections.tsx games.deleteGame is ownerProcedure-bound","status":"passed","title":"games.deleteGame is ownerProcedure-bound","duration":0.068000000000211,"failureMessages":[],"meta":{}},{"ancestorTitles":["games router (routers.ts) — procedures called by PublishProjections.tsx"],"fullName":"games router (routers.ts) — procedures called by PublishProjections.tsx games.triggerRefresh is ownerProcedure-bound","status":"passed","title":"games.triggerRefresh is ownerProcedure-bound","duration":0.06775000000016007,"failureMessages":[],"meta":{}},{"ancestorTitles":["games router (routers.ts) — procedures called by PublishProjections.tsx"],"fullName":"games router (routers.ts) — procedures called by PublishProjections.tsx games.lastRefresh is a deliberate, reviewed public exception (timestamp only, no admin data) — not silently ungated","status":"passed","title":"games.lastRefresh is a deliberate, reviewed public exception (timestamp only, no admin data) — not silently ungated","duration":0.10100000000011278,"failureMessages":[],"meta":{}},{"ancestorTitles":["nhlModel router (routers.ts) — procedures called by PublishProjections.tsx"],"fullName":"nhlModel router (routers.ts) — procedures called by PublishProjections.tsx nhlModel.checkGoalies is ownerProcedure-bound","status":"passed","title":"nhlModel.checkGoalies is ownerProcedure-bound","duration":0.06408300000020972,"failureMessages":[],"meta":{}},{"ancestorTitles":["nhlModel router (routers.ts) — procedures called by PublishProjections.tsx"],"fullName":"nhlModel router (routers.ts) — procedures called by PublishProjections.tsx nhlModel.getLastGoalieCheck is ownerProcedure-bound","status":"passed","title":"nhlModel.getLastGoalieCheck is ownerProcedure-bound","duration":0.05966600000010658,"failureMessages":[],"meta":{}},{"ancestorTitles":["wc2026 router — procedures called by PublishProjections.tsx"],"fullName":"wc2026 router — procedures called by PublishProjections.tsx wc2026.listMatchOdds is ownerProcedure-bound","status":"passed","title":"wc2026.listMatchOdds is ownerProcedure-bound","duration":0.058584000000337255,"failureMessages":[],"meta":{}},{"ancestorTitles":["wc2026 router — procedures called by PublishProjections.tsx"],"fullName":"wc2026 router — procedures called by PublishProjections.tsx wc2026.updateMatchOdds is ownerProcedure-bound","status":"passed","title":"wc2026.updateMatchOdds is ownerProcedure-bound","duration":0.05670800000007148,"failureMessages":[],"meta":{}},{"ancestorTitles":["wc2026 router — procedures called by PublishProjections.tsx"],"fullName":"wc2026 router — procedures called by PublishProjections.tsx imports ownerProcedure from the appUsers router (single source of the owner check)","status":"passed","title":"imports ownerProcedure from the appUsers router (single source of the owner check)","duration":0.03858300000001691,"failureMessages":[],"meta":{}},{"ancestorTitles":["ownerProcedure itself resolves role from an authoritative DB read, not the JWT claim"],"fullName":"ownerProcedure itself resolves role from an authoritative DB read, not the JWT claim re-fetches the user by id and checks role via resolveOwnerIdentity — a stale JWT role cannot grant access","status":"passed","title":"re-fetches the user by id and checks role via resolveOwnerIdentity — a stale JWT role cannot grant access","duration":0.09083399999963149,"failureMessages":[],"meta":{}}],"startTime":1785308378231,"endTime":1785308378239.1062,"status":"passed","message":"","name":"/Users/danielwalker/src/ai-sports-betting-dime-ai/server/adminProcedureLockdown.test.ts"},{"assertionResults":[{"ancestorTitles":["parseAnAllMarketsHtml"],"fullName":"parseAnAllMarketsHtml returns empty result for empty HTML","status":"passed","title":"returns empty result for empty HTML","duration":21.03295900000012,"failureMessages":[],"meta":{}},{"ancestorTitles":["parseAnAllMarketsHtml"],"fullName":"parseAnAllMarketsHtml parses a single game with spread, total, and ML","status":"passed","title":"parses a single game with spread, total, and ML","duration":34.295875000000024,"failureMessages":[],"meta":{}},{"ancestorTitles":["parseAnAllMarketsHtml"],"fullName":"parseAnAllMarketsHtml detects DK column dynamically from logo alt text","status":"passed","title":"detects DK column dynamically from logo alt text","duration":34.10458399999993,"failureMessages":[],"meta":{}},{"ancestorTitles":["parseAnAllMarketsHtml"],"fullName":"parseAnAllMarketsHtml returns zero warnings for valid HTML","status":"passed","title":"returns zero warnings for valid HTML","duration":5.826249999999845,"failureMessages":[],"meta":{}},{"ancestorTitles":["parseAnAllMarketsHtml"],"fullName":"parseAnAllMarketsHtml handles multiple games correctly","status":"passed","title":"handles multiple games correctly","duration":11.055749999999989,"failureMessages":[],"meta":{}},{"ancestorTitles":["parseAnAllMarketsHtml"],"fullName":"parseAnAllMarketsHtml extracts total line without o/u prefix for DB storage","status":"passed","title":"extracts total line without o/u prefix for DB storage","duration":6.837916999999834,"failureMessages":[],"meta":{}},{"ancestorTitles":["parseAnAllMarketsHtml - NBA"],"fullName":"parseAnAllMarketsHtml - NBA parses NBA game with nba-game link (11 columns)","status":"passed","title":"parses NBA game with nba-game link (11 columns)","duration":8.498624999999947,"failureMessages":[],"meta":{}},{"ancestorTitles":["parseAnAllMarketsHtml - NBA"],"fullName":"parseAnAllMarketsHtml - NBA does not parse NBA game when sport is ncaab","status":"passed","title":"does not parse NBA game when sport is ncaab","duration":28.50949999999989,"failureMessages":[],"meta":{}},{"ancestorTitles":["parseAnAllMarketsHtml - NHL"],"fullName":"parseAnAllMarketsHtml - NHL parses NHL game with nhl-game link (11 columns)","status":"passed","title":"parses NHL game with nhl-game link (11 columns)","duration":5.503875000000107,"failureMessages":[],"meta":{}},{"ancestorTitles":["parseAnAllMarketsHtml - NHL"],"fullName":"parseAnAllMarketsHtml - NHL does not parse NHL game when sport is nba","status":"passed","title":"does not parse NHL game when sport is nba","duration":3.813625000000002,"failureMessages":[],"meta":{}}],"startTime":1785308365749,"endTime":1785308365909.8137,"status":"passed","message":"","name":"/Users/danielwalker/src/ai-sports-betting-dime-ai/server/anHtmlParser.test.ts"},{"assertionResults":[{"ancestorTitles":["AN v2 is_live filtering — findOutcome()"],"fullName":"AN v2 is_live filtering — findOutcome() returns pre-game line when both pre-game and live lines exist (Dayton spread scenario)","status":"passed","title":"returns pre-game line when both pre-game and live lines exist (Dayton spread scenario)","duration":5.129458,"failureMessages":[],"meta":{}},{"ancestorTitles":["AN v2 is_live filtering — findOutcome()"],"fullName":"AN v2 is_live filtering — findOutcome() returns pre-game line when live line appears first in array","status":"passed","title":"returns pre-game line when live line appears first in array","duration":0.6134999999999309,"failureMessages":[],"meta":{}},{"ancestorTitles":["AN v2 is_live filtering — findOutcome()"],"fullName":"AN v2 is_live filtering — findOutcome() returns pre-game total line (not live total)","status":"passed","title":"returns pre-game total line (not live total)","duration":1.0417079999999714,"failureMessages":[],"meta":{}},{"ancestorTitles":["AN v2 is_live filtering — findOutcome()"],"fullName":"AN v2 is_live filtering — findOutcome() falls back to live line when no pre-game line exists (game started, no pre-game data)","status":"passed","title":"falls back to live line when no pre-game line exists (game started, no pre-game data)","duration":0.23374999999998636,"failureMessages":[],"meta":{}},{"ancestorTitles":["AN v2 is_live filtering — findOutcome()"],"fullName":"AN v2 is_live filtering — findOutcome() returns undefined when array is empty","status":"passed","title":"returns undefined when array is empty","duration":0.16650000000004184,"failureMessages":[],"meta":{}},{"ancestorTitles":["AN v2 is_live filtering — findOutcome()"],"fullName":"AN v2 is_live filtering — findOutcome() returns correct outcome when no is_live field present (upcoming games)","status":"passed","title":"returns correct outcome when no is_live field present (upcoming games)","duration":0.27874999999994543,"failureMessages":[],"meta":{}},{"ancestorTitles":["AN v2 is_live filtering — findOutcome()"],"fullName":"AN v2 is_live filtering — findOutcome() matches by team_id for moneyline outcomes","status":"passed","title":"matches by team_id for moneyline outcomes","duration":0.21249999999997726,"failureMessages":[],"meta":{}}],"startTime":1785308379574,"endTime":1785308379583.2788,"status":"passed","message":"","name":"/Users/danielwalker/src/ai-sports-betting-dime-ai/server/anLiveLineFilter.test.ts"},{"assertionResults":[{"ancestorTitles":["CI secrets validation"],"fullName":"CI secrets validation All required GitHub Actions secrets are present and correctly formatted","status":"failed","title":"All required GitHub Actions secrets are present and correctly formatted","duration":32.16945799999996,"failureMessages":["AssertionError: Missing or invalid CI secrets:\n  - APP_SESSION_SECRET is too short (25 chars, min 44) — Session cookie signing secret (replaces exposed JWT_SECRET): expected [ Array(1) ] to have a length of +0 but got 1\n    at Proxy.<anonymous> (file:///Users/danielwalker/src/ai-sports-betting-dime-ai/node_modules/.pnpm/@vitest+expect@2.1.9/node_modules/@vitest/expect/dist/index.js:1339:22)\n    at Proxy.<anonymous> (file:///Users/danielwalker/src/ai-sports-betting-dime-ai/node_modules/.pnpm/@vitest+expect@2.1.9/node_modules/@vitest/expect/dist/index.js:972:17)\n    at Proxy.methodWrapper (file:///Users/danielwalker/src/ai-sports-betting-dime-ai/node_modules/.pnpm/chai@5.3.3/node_modules/chai/index.js:1686:25)\n    at /Users/danielwalker/src/ai-sports-betting-dime-ai/server/ciSecrets.test.ts:186:7\n    at file:///Users/danielwalker/src/ai-sports-betting-dime-ai/node_modules/.pnpm/@vitest+runner@2.1.9/node_modules/@vitest/runner/dist/index.js:146:14\n    at file:///Users/danielwalker/src/ai-sports-betting-dime-ai/node_modules/.pnpm/@vitest+runner@2.1.9/node_modules/@vitest/runner/dist/index.js:533:11\n    at runWithTimeout (file:///Users/danielwalker/src/ai-sports-betting-dime-ai/node_modules/.pnpm/@vitest+runner@2.1.9/node_modules/@vitest/runner/dist/index.js:39:7)\n    at runTest (file:///Users/danielwalker/src/ai-sports-betting-dime-ai/node_modules/.pnpm/@vitest+runner@2.1.9/node_modules/@vitest/runner/dist/index.js:1056:17)\n    at processTicksAndRejections (node:internal/process/task_queues:105:5)\n    at runSuite (file:///Users/danielwalker/src/ai-sports-betting-dime-ai/node_modules/.pnpm/@vitest+runner@2.1.9/node_modules/@vitest/runner/dist/index.js:1205:15)"],"meta":{}},{"ancestorTitles":["CI secrets validation"],"fullName":"CI secrets validation DATABASE_URL is set and matches MySQL connection string format","status":"passed","title":"DATABASE_URL is set and matches MySQL connection string format","duration":0.48166700000001583,"failureMessages":[],"meta":{}},{"ancestorTitles":["CI secrets validation"],"fullName":"CI secrets validation APP_SESSION_SECRET is set with sufficient length (min 44 chars)","status":"failed","title":"APP_SESSION_SECRET is set with sufficient length (min 44 chars)","duration":5.840542000000028,"failureMessages":["AssertionError: APP_SESSION_SECRET too short (25 chars, min 44): expected 25 to be greater than or equal to 44\n    at /Users/danielwalker/src/ai-sports-betting-dime-ai/server/ciSecrets.test.ts:211:7\n    at file:///Users/danielwalker/src/ai-sports-betting-dime-ai/node_modules/.pnpm/@vitest+runner@2.1.9/node_modules/@vitest/runner/dist/index.js:146:14\n    at file:///Users/danielwalker/src/ai-sports-betting-dime-ai/node_modules/.pnpm/@vitest+runner@2.1.9/node_modules/@vitest/runner/dist/index.js:533:11\n    at runWithTimeout (file:///Users/danielwalker/src/ai-sports-betting-dime-ai/node_modules/.pnpm/@vitest+runner@2.1.9/node_modules/@vitest/runner/dist/index.js:39:7)\n    at runTest (file:///Users/danielwalker/src/ai-sports-betting-dime-ai/node_modules/.pnpm/@vitest+runner@2.1.9/node_modules/@vitest/runner/dist/index.js:1056:17)\n    at processTicksAndRejections (node:internal/process/task_queues:105:5)\n    at runSuite (file:///Users/danielwalker/src/ai-sports-betting-dime-ai/node_modules/.pnpm/@vitest+runner@2.1.9/node_modules/@vitest/runner/dist/index.js:1205:15)\n    at runSuite (file:///Users/danielwalker/src/ai-sports-betting-dime-ai/node_modules/.pnpm/@vitest+runner@2.1.9/node_modules/@vitest/runner/dist/index.js:1205:15)\n    at runFiles (file:///Users/danielwalker/src/ai-sports-betting-dime-ai/node_modules/.pnpm/@vitest+runner@2.1.9/node_modules/@vitest/runner/dist/index.js:1262:5)\n    at startTests (file:///Users/danielwalker/src/ai-sports-betting-dime-ai/node_modules/.pnpm/@vitest+runner@2.1.9/node_modules/@vitest/runner/dist/index.js:1271:3)"],"meta":{}},{"ancestorTitles":["CI secrets validation"],"fullName":"CI secrets validation PUBLIC_ORIGIN is set and has no trailing slash","status":"passed","title":"PUBLIC_ORIGIN is set and has no trailing slash","duration":1.111500000000035,"failureMessages":[],"meta":{}}],"startTime":1785308368660,"endTime":1785308368700.1116,"status":"failed","message":"","name":"/Users/danielwalker/src/ai-sports-betting-dime-ai/server/ciSecrets.test.ts"},{"assertionResults":[{"ancestorTitles":["Claude Fable 5 Integration"],"fullName":"Claude Fable 5 Integration Anthropic credentials are set (API key or AI Gateway auth token)","status":"passed","title":"Anthropic credentials are set (API key or AI Gateway auth token)","duration":12.352999999999952,"failureMessages":[],"meta":{}},{"ancestorTitles":["Claude Fable 5 Integration"],"fullName":"Claude Fable 5 Integration CLAUDE_MODEL is claude-fable-5","status":"passed","title":"CLAUDE_MODEL is claude-fable-5","duration":426.56399999999996,"failureMessages":[],"meta":{}},{"ancestorTitles":["Claude Fable 5 Integration","invokeClaude"],"fullName":"Claude Fable 5 Integration invokeClaude returns valid ClaudeResponse","status":"passed","title":"returns valid ClaudeResponse","duration":3.4594999999999345,"failureMessages":[],"meta":{}},{"ancestorTitles":["Claude Fable 5 Integration","invokeClaude"],"fullName":"Claude Fable 5 Integration invokeClaude calls API with correct model","status":"passed","title":"calls API with correct model","duration":0.7862079999999878,"failureMessages":[],"meta":{}},{"ancestorTitles":["Claude Fable 5 Integration","invokeClaude"],"fullName":"Claude Fable 5 Integration invokeClaude accepts custom system prompt","status":"passed","title":"accepts custom system prompt","duration":0.7115840000001299,"failureMessages":[],"meta":{}},{"ancestorTitles":["Claude Fable 5 Integration","invokeClaude"],"fullName":"Claude Fable 5 Integration invokeClaude passes multi-turn history","status":"passed","title":"passes multi-turn history","duration":4.116208000000142,"failureMessages":[],"meta":{}},{"ancestorTitles":["Claude Fable 5 Integration","askClaude"],"fullName":"Claude Fable 5 Integration askClaude returns string","status":"passed","title":"returns string","duration":0.9217910000002121,"failureMessages":[],"meta":{}},{"ancestorTitles":["Claude Fable 5 Integration","streamClaude"],"fullName":"Claude Fable 5 Integration streamClaude yields chunks","status":"passed","title":"yields chunks","duration":0.8586659999998574,"failureMessages":[],"meta":{}},{"ancestorTitles":["Claude Fable 5 Integration","UIUX_SYSTEM_PROMPT"],"fullName":"Claude Fable 5 Integration UIUX_SYSTEM_PROMPT contains platform context","status":"passed","title":"contains platform context","duration":2.4724169999999503,"failureMessages":[],"meta":{}}],"startTime":1785308390516,"endTime":1785308390973.4724,"status":"passed","message":"","name":"/Users/danielwalker/src/ai-sports-betting-dime-ai/server/claude.test.ts"},{"assertionResults":[{"ancestorTitles":["[FIX 2026-06-24] Date-transition guard — shouldShowSkeleton / shouldShowEmptyState"],"fullName":"[FIX 2026-06-24] Date-transition guard — shouldShowSkeleton / shouldShowEmptyState [VERIFY] Initial load: gamesLoading=true → show skeleton, not empty state","status":"passed","title":"[VERIFY] Initial load: gamesLoading=true → show skeleton, not empty state","duration":2.839375000000018,"failureMessages":[],"meta":{}},{"ancestorTitles":["[FIX 2026-06-24] Date-transition guard — shouldShowSkeleton / shouldShowEmptyState"],"fullName":"[FIX 2026-06-24] Date-transition guard — shouldShowSkeleton / shouldShowEmptyState [VERIFY] Date transition: gamesLoading=false, gamesFetching=true, sortedDates=[] → show skeleton (NOT empty state)","status":"passed","title":"[VERIFY] Date transition: gamesLoading=false, gamesFetching=true, sortedDates=[] → show skeleton (NOT empty state)","duration":0.43412499999999454,"failureMessages":[],"meta":{}},{"ancestorTitles":["[FIX 2026-06-24] Date-transition guard — shouldShowSkeleton / shouldShowEmptyState"],"fullName":"[FIX 2026-06-24] Date-transition guard — shouldShowSkeleton / shouldShowEmptyState [VERIFY] Games loaded: gamesLoading=false, gamesFetching=false, sortedDates=10 → show games","status":"passed","title":"[VERIFY] Games loaded: gamesLoading=false, gamesFetching=false, sortedDates=10 → show games","duration":0.15470900000013899,"failureMessages":[],"meta":{}},{"ancestorTitles":["[FIX 2026-06-24] Date-transition guard — shouldShowSkeleton / shouldShowEmptyState"],"fullName":"[FIX 2026-06-24] Date-transition guard — shouldShowSkeleton / shouldShowEmptyState [VERIFY] Genuine empty: gamesLoading=false, gamesFetching=false, sortedDates=0 → show empty state","status":"passed","title":"[VERIFY] Genuine empty: gamesLoading=false, gamesFetching=false, sortedDates=0 → show empty state","duration":0.07391699999993762,"failureMessages":[],"meta":{}},{"ancestorTitles":["[FIX 2026-06-24] Date-transition guard — shouldShowSkeleton / shouldShowEmptyState"],"fullName":"[FIX 2026-06-24] Date-transition guard — shouldShowSkeleton / shouldShowEmptyState [VERIFY] Background refetch with games: gamesFetching=true, sortedDates=10 → show games (not skeleton)","status":"passed","title":"[VERIFY] Background refetch with games: gamesFetching=true, sortedDates=10 → show games (not skeleton)","duration":0.29195800000002237,"failureMessages":[],"meta":{}},{"ancestorTitles":["[FIX 2026-06-24] Date-transition guard — shouldShowSkeleton / shouldShowEmptyState"],"fullName":"[FIX 2026-06-24] Date-transition guard — shouldShowSkeleton / shouldShowEmptyState [VERIFY] Sport switch: gamesLoading=false, gamesFetching=true, sortedDates=0 → show skeleton","status":"passed","title":"[VERIFY] Sport switch: gamesLoading=false, gamesFetching=true, sortedDates=0 → show skeleton","duration":0.480167000000165,"failureMessages":[],"meta":{}},{"ancestorTitles":["[FIX 2026-06-24] Date-transition guard — shouldShowSkeleton / shouldShowEmptyState"],"fullName":"[FIX 2026-06-24] Date-transition guard — shouldShowSkeleton / shouldShowEmptyState [VERIFY] Pre-fix behavior would show empty state during date transition (regression proof)","status":"passed","title":"[VERIFY] Pre-fix behavior would show empty state during date transition (regression proof)","duration":0.28899999999998727,"failureMessages":[],"meta":{}}],"startTime":1785308373483,"endTime":1785308373487.4802,"status":"passed","message":"","name":"/Users/danielwalker/src/ai-sports-betting-dime-ai/server/dateTransitionGuard.test.ts"},{"assertionResults":[{"ancestorTitles":["provider registry"],"fullName":"provider registry accepts \"dime1\" as a provider value","status":"passed","title":"accepts \"dime1\" as a provider value","duration":0.9901249999998072,"failureMessages":[],"meta":{}},{"ancestorTitles":["provider registry"],"fullName":"provider registry ships frozen while the Dime 1.0 foundation remains non-release work","status":"passed","title":"ships frozen while the Dime 1.0 foundation remains non-release work","duration":0.21091599999999744,"failureMessages":[],"meta":{}},{"ancestorTitles":["provider registry"],"fullName":"provider registry pins the exact Llama 3.1 Base foundation identity","status":"passed","title":"pins the exact Llama 3.1 Base foundation identity","duration":0.12525000000005093,"failureMessages":[],"meta":{}},{"ancestorTitles":["provider registry"],"fullName":"provider registry tracks the canonical runbook and release gates","status":"passed","title":"tracks the canonical runbook and release gates","duration":1.1170830000000933,"failureMessages":[],"meta":{}},{"ancestorTitles":["POST /api/dime/chat — dime1 branch wiring"],"fullName":"POST /api/dime/chat — dime1 branch wiring exists and sits above the frozen guard","status":"passed","title":"exists and sits above the frozen guard","duration":0.2018750000002001,"failureMessages":[],"meta":{}},{"ancestorTitles":["POST /api/dime/chat — dime1 branch wiring"],"fullName":"POST /api/dime/chat — dime1 branch wiring delegates to the handler and returns, with no inline Anthropic or context calls","status":"passed","title":"delegates to the handler and returns, with no inline Anthropic or context calls","duration":0.41483300000027157,"failureMessages":[],"meta":{}},{"ancestorTitles":["POST /api/dime/chat — dime1 branch wiring"],"fullName":"POST /api/dime/chat — dime1 branch wiring labels the isolated control lane as research-alpha and never calls Anthropic","status":"passed","title":"labels the isolated control lane as research-alpha and never calls Anthropic","duration":0.15691699999979392,"failureMessages":[],"meta":{}},{"ancestorTitles":["dime1 handler — control-plane parity with the Claude path"],"fullName":"dime1 handler — control-plane parity with the Claude path grounds from the platform context builder with the same ack framing","status":"passed","title":"grounds from the platform context builder with the same ack framing","duration":0.053417000000081316,"failureMessages":[],"meta":{}},{"ancestorTitles":["dime1 handler — control-plane parity with the Claude path"],"fullName":"dime1 handler — control-plane parity with the Claude path applies the same post-generation validation gates and withholds blocked answers","status":"passed","title":"applies the same post-generation validation gates and withholds blocked answers","duration":0.16624999999976353,"failureMessages":[],"meta":{}},{"ancestorTitles":["dime1 handler — control-plane parity with the Claude path"],"fullName":"dime1 handler — control-plane parity with the Claude path streams the meta → delta → done SSE contract the client already parses","status":"passed","title":"streams the meta → delta → done SSE contract the client already parses","duration":0.08095900000034817,"failureMessages":[],"meta":{}},{"ancestorTitles":["dime1 handler — control-plane parity with the Claude path"],"fullName":"dime1 handler — control-plane parity with the Claude path fails as clean HTTP 500 when unconfigured, before any SSE flush","status":"passed","title":"fails as clean HTTP 500 when unconfigured, before any SSE flush","duration":0.10029099999974278,"failureMessages":[],"meta":{}},{"ancestorTitles":["reserved dime1 execution path is isolated from Claude wiring"],"fullName":"reserved dime1 execution path is isolated from Claude wiring client and handler never import the Anthropic SDK or client factory","status":"passed","title":"client and handler never import the Anthropic SDK or client factory","duration":1.3297080000002097,"failureMessages":[],"meta":{}}],"startTime":1785308381990,"endTime":1785308381998.3296,"status":"passed","message":"","name":"/Users/danielwalker/src/ai-sports-betting-dime-ai/server/dime1ProviderWiring.test.ts"},{"assertionResults":[{"ancestorTitles":["provider switch — frozen state"],"fullName":"provider switch — frozen state the Dime Chat provider is frozen (no LLM in use)","status":"passed","title":"the Dime Chat provider is frozen (no LLM in use)","duration":1.2984590000000935,"failureMessages":[],"meta":{}},{"ancestorTitles":["provider switch — frozen state"],"fullName":"provider switch — frozen state exposes a non-empty hardcoded notice for frozen responses","status":"passed","title":"exposes a non-empty hardcoded notice for frozen responses","duration":0.60674999999992,"failureMessages":[],"meta":{}},{"ancestorTitles":["POST /api/dime/chat — freeze short-circuits before Anthropic"],"fullName":"POST /api/dime/chat — freeze short-circuits before Anthropic the frozen branch exists and precedes context building and every Anthropic call","status":"passed","title":"the frozen branch exists and precedes context building and every Anthropic call","duration":0.2528750000000173,"failureMessages":[],"meta":{}},{"ancestorTitles":["POST /api/dime/chat — freeze short-circuits before Anthropic"],"fullName":"POST /api/dime/chat — freeze short-circuits before Anthropic the frozen branch streams the hardcoded notice and terminates the response","status":"passed","title":"the frozen branch streams the hardcoded notice and terminates the response","duration":1.8820419999999558,"failureMessages":[],"meta":{}},{"ancestorTitles":["POST /api/dime/chat — freeze short-circuits before Anthropic"],"fullName":"POST /api/dime/chat — freeze short-circuits before Anthropic does not demand Anthropic credentials while frozen","status":"passed","title":"does not demand Anthropic credentials while frozen","duration":0.17916699999989305,"failureMessages":[],"meta":{}},{"ancestorTitles":["Claude wiring is preserved, not removed"],"fullName":"Claude wiring is preserved, not removed the full Anthropic streaming path is still present in the route","status":"passed","title":"the full Anthropic streaming path is still present in the route","duration":0.19762500000001637,"failureMessages":[],"meta":{}},{"ancestorTitles":["Claude wiring is preserved, not removed"],"fullName":"Claude wiring is preserved, not removed the freeze is scoped to the Dime Chat interface only","status":"passed","title":"the freeze is scoped to the Dime Chat interface only","duration":0.13233400000001438,"failureMessages":[],"meta":{}}],"startTime":1785308388771,"endTime":1785308388776.1975,"status":"passed","message":"","name":"/Users/danielwalker/src/ai-sports-betting-dime-ai/server/dimeChatProviderFreeze.test.ts"},{"assertionResults":[{"ancestorTitles":["Dime chat per-user rate limit"],"fullName":"Dime chat per-user rate limit allows requests up to the per-user maximum within one window","status":"passed","title":"allows requests up to the per-user maximum within one window","duration":1.5007499999999823,"failureMessages":[],"meta":{}},{"ancestorTitles":["Dime chat per-user rate limit"],"fullName":"Dime chat per-user rate limit blocks the request that exceeds the per-user maximum","status":"passed","title":"blocks the request that exceeds the per-user maximum","duration":0.14516699999995808,"failureMessages":[],"meta":{}},{"ancestorTitles":["Dime chat per-user rate limit"],"fullName":"Dime chat per-user rate limit resets after the window elapses","status":"passed","title":"resets after the window elapses","duration":0.07129199999997127,"failureMessages":[],"meta":{}},{"ancestorTitles":["Dime chat per-user rate limit"],"fullName":"Dime chat per-user rate limit tracks each user independently","status":"passed","title":"tracks each user independently","duration":0.05912499999999454,"failureMessages":[],"meta":{}},{"ancestorTitles":["Dime chat per-user rate limit"],"fullName":"Dime chat per-user rate limit exposes a sane default window and maximum","status":"passed","title":"exposes a sane default window and maximum","duration":0.09537500000004684,"failureMessages":[],"meta":{}}],"startTime":1785308402962,"endTime":1785308402964.0955,"status":"passed","message":"","name":"/Users/danielwalker/src/ai-sports-betting-dime-ai/server/dimeChatRateLimit.test.ts"},{"assertionResults":[{"ancestorTitles":["Dime Chat conversation persistence"],"fullName":"Dime Chat conversation persistence atomically creates a thread with its exact first settled turn","status":"passed","title":"atomically creates a thread with its exact first settled turn","duration":13.231499999999869,"failureMessages":[],"meta":{}},{"ancestorTitles":["Dime Chat conversation persistence"],"fullName":"Dime Chat conversation persistence rolls back the thread when the first-message insert fails","status":"passed","title":"rolls back the thread when the first-message insert fails","duration":11.447415999999976,"failureMessages":[],"meta":{}}],"startTime":1785308395450,"endTime":1785308395475.4475,"status":"passed","message":"","name":"/Users/danielwalker/src/ai-sports-betting-dime-ai/server/dimeChats.persistence.test.ts"},{"assertionResults":[{"ancestorTitles":["deriveThreadTitle"],"fullName":"deriveThreadTitle collapses whitespace and passes short titles through","status":"passed","title":"collapses whitespace and passes short titles through","duration":84.9516249999997,"failureMessages":[],"meta":{}},{"ancestorTitles":["deriveThreadTitle"],"fullName":"deriveThreadTitle truncates long titles with an ellipsis at the cap","status":"passed","title":"truncates long titles with an ellipsis at the cap","duration":1.2024579999997513,"failureMessages":[],"meta":{}},{"ancestorTitles":["dimeChats router — security contract"],"fullName":"dimeChats router — security contract every procedure is built on appUserProcedure","status":"passed","title":"every procedure is built on appUserProcedure","duration":2.4234579999993002,"failureMessages":[],"meta":{}},{"ancestorTitles":["dimeChats router — security contract"],"fullName":"dimeChats router — security contract list scopes to the session user and hides deleted threads","status":"passed","title":"list scopes to the session user and hides deleted threads","duration":3.1468339999992168,"failureMessages":[],"meta":{}},{"ancestorTitles":["dimeChats router — security contract"],"fullName":"dimeChats router — security contract every mutating/reading procedure on a thread goes through getOwnedThread","status":"passed","title":"every mutating/reading procedure on a thread goes through getOwnedThread","duration":4.209958999999799,"failureMessages":[],"meta":{}},{"ancestorTitles":["dimeChats router — security contract"],"fullName":"dimeChats router — security contract delete is SOFT — sets deletedAt, never removes rows","status":"passed","title":"delete is SOFT — sets deletedAt, never removes rows","duration":6.238332999999329,"failureMessages":[],"meta":{}},{"ancestorTitles":["dimeChats router — security contract"],"fullName":"dimeChats router — security contract schema defines the two history tables with soft-delete support","status":"passed","title":"schema defines the two history tables with soft-delete support","duration":4.286250000001019,"failureMessages":[],"meta":{}},{"ancestorTitles":["dimeChats router — security contract"],"fullName":"dimeChats router — security contract creates the thread and first settled turn atomically with a typed id","status":"passed","title":"creates the thread and first settled turn atomically with a typed id","duration":3.6579579999997804,"failureMessages":[],"meta":{}},{"ancestorTitles":["Dime chat page — owner gate + live identity + ⋯ menu"],"fullName":"Dime chat page — owner gate + live identity + ⋯ menu non-owners get the coming-soon state and never the composer","status":"passed","title":"non-owners get the coming-soon state and never the composer","duration":1.644416999999521,"failureMessages":[],"meta":{}},{"ancestorTitles":["Dime chat page — owner gate + live identity + ⋯ menu"],"fullName":"Dime chat page — owner gate + live identity + ⋯ menu the server refuses non-owners before any model or context work","status":"passed","title":"the server refuses non-owners before any model or context work","duration":0.2569999999996071,"failureMessages":[],"meta":{}},{"ancestorTitles":["Dime chat page — owner gate + live identity + ⋯ menu"],"fullName":"Dime chat page — owner gate + live identity + ⋯ menu sidebar identity is the live session user — no frozen sample copy","status":"passed","title":"sidebar identity is the live session user — no frozen sample copy","duration":0.5039999999989959,"failureMessages":[],"meta":{}},{"ancestorTitles":["Dime chat page — owner gate + live identity + ⋯ menu"],"fullName":"Dime chat page — owner gate + live identity + ⋯ menu lifetime members see no Upgrade/Cancel; the menu buttons act","status":"passed","title":"lifetime members see no Upgrade/Cancel; the menu buttons act","duration":5.824417000001631,"failureMessages":[],"meta":{}},{"ancestorTitles":["Dime chat page — owner gate + live identity + ⋯ menu"],"fullName":"Dime chat page — owner gate + live identity + ⋯ menu the ⋯ menu wires Star, Archive and Delete to the history mutations","status":"passed","title":"the ⋯ menu wires Star, Archive and Delete to the history mutations","duration":0.24691700000039418,"failureMessages":[],"meta":{}},{"ancestorTitles":["Dime chat page — owner gate + live identity + ⋯ menu"],"fullName":"Dime chat page — owner gate + live identity + ⋯ menu turns persist to history after the stream settles","status":"passed","title":"turns persist to history after the stream settles","duration":0.44012500000098953,"failureMessages":[],"meta":{}},{"ancestorTitles":["Dime chat page — owner gate + live identity + ⋯ menu"],"fullName":"Dime chat page — owner gate + live identity + ⋯ menu keeps the responsible-gaming notice out of the live log and in a muted page footer","status":"passed","title":"keeps the responsible-gaming notice out of the live log and in a muted page footer","duration":5.086250000000291,"failureMessages":[],"meta":{}}],"startTime":1785308379158,"endTime":1785308379296.0862,"status":"passed","message":"","name":"/Users/danielwalker/src/ai-sports-betting-dime-ai/server/dimeChats.test.ts"},{"assertionResults":[{"ancestorTitles":["canAccessDimeModel — owner-only decision"],"fullName":"canAccessDimeModel — owner-only decision grants access to an enabled owner account","status":"passed","title":"grants access to an enabled owner account","duration":0.6117500000000291,"failureMessages":[],"meta":{}},{"ancestorTitles":["canAccessDimeModel — owner-only decision"],"fullName":"canAccessDimeModel — owner-only decision denies a disabled owner account (hasAccess=false)","status":"passed","title":"denies a disabled owner account (hasAccess=false)","duration":0.1396670000000313,"failureMessages":[],"meta":{}},{"ancestorTitles":["canAccessDimeModel — owner-only decision"],"fullName":"canAccessDimeModel — owner-only decision denies role=admin even with hasAccess=true (subscribers are NOT entitled)","status":"passed","title":"denies role=admin even with hasAccess=true (subscribers are NOT entitled)","duration":0.07012500000007549,"failureMessages":[],"meta":{}},{"ancestorTitles":["canAccessDimeModel — owner-only decision"],"fullName":"canAccessDimeModel — owner-only decision denies role=handicapper even with hasAccess=true (subscribers are NOT entitled)","status":"passed","title":"denies role=handicapper even with hasAccess=true (subscribers are NOT entitled)","duration":0.046875,"failureMessages":[],"meta":{}},{"ancestorTitles":["canAccessDimeModel — owner-only decision"],"fullName":"canAccessDimeModel — owner-only decision denies role=user even with hasAccess=true (subscribers are NOT entitled)","status":"passed","title":"denies role=user even with hasAccess=true (subscribers are NOT entitled)","duration":0.04933399999993071,"failureMessages":[],"meta":{}},{"ancestorTitles":["canAccessDimeModel — owner-only decision"],"fullName":"canAccessDimeModel — owner-only decision denies missing/unknown users","status":"passed","title":"denies missing/unknown users","duration":0.07237500000007913,"failureMessages":[],"meta":{}},{"ancestorTitles":["canAccessDimeModel — owner-only decision"],"fullName":"canAccessDimeModel — owner-only decision denies lookalike role strings — exact match only","status":"passed","title":"denies lookalike role strings — exact match only","duration":0.11562499999990905,"failureMessages":[],"meta":{}},{"ancestorTitles":["canAccessDimeModel — owner-only decision"],"fullName":"canAccessDimeModel — owner-only decision exposes the hardcoded non-owner copy","status":"passed","title":"exposes the hardcoded non-owner copy","duration":0.04399999999998272,"failureMessages":[],"meta":{}},{"ancestorTitles":["canAccessDimeResearchAlpha — isolated temporary access"],"fullName":"canAccessDimeResearchAlpha — isolated temporary access grants enabled role=owner temporary alpha access","status":"passed","title":"grants enabled role=owner temporary alpha access","duration":0.19158300000003692,"failureMessages":[],"meta":{}},{"ancestorTitles":["canAccessDimeResearchAlpha — isolated temporary access"],"fullName":"canAccessDimeResearchAlpha — isolated temporary access grants enabled role=admin temporary alpha access","status":"passed","title":"grants enabled role=admin temporary alpha access","duration":0.18162499999993997,"failureMessages":[],"meta":{}},{"ancestorTitles":["canAccessDimeResearchAlpha — isolated temporary access"],"fullName":"canAccessDimeResearchAlpha — isolated temporary access denies role=handicapper","status":"passed","title":"denies role=handicapper","duration":0.044125000000008185,"failureMessages":[],"meta":{}},{"ancestorTitles":["canAccessDimeResearchAlpha — isolated temporary access"],"fullName":"canAccessDimeResearchAlpha — isolated temporary access denies role=user","status":"passed","title":"denies role=user","duration":0.032207999999968706,"failureMessages":[],"meta":{}},{"ancestorTitles":["canAccessDimeResearchAlpha — isolated temporary access"],"fullName":"canAccessDimeResearchAlpha — isolated temporary access denies role=Owner","status":"passed","title":"denies role=Owner","duration":0.03174999999998818,"failureMessages":[],"meta":{}},{"ancestorTitles":["canAccessDimeResearchAlpha — isolated temporary access"],"fullName":"canAccessDimeResearchAlpha — isolated temporary access denies role=admin ","status":"passed","title":"denies role=admin ","duration":0.031208999999989828,"failureMessages":[],"meta":{}},{"ancestorTitles":["canAccessDimeResearchAlpha — isolated temporary access"],"fullName":"canAccessDimeResearchAlpha — isolated temporary access denies role=co-owner","status":"passed","title":"denies role=co-owner","duration":0.09341699999993125,"failureMessages":[],"meta":{}},{"ancestorTitles":["canAccessDimeResearchAlpha — isolated temporary access"],"fullName":"canAccessDimeResearchAlpha — isolated temporary access denies disabled and missing accounts","status":"passed","title":"denies disabled and missing accounts","duration":0.1369999999999436,"failureMessages":[],"meta":{}},{"ancestorTitles":["POST /api/dime/chat — route wiring"],"fullName":"POST /api/dime/chat — route wiring derives entitlement from the shared policy against the DB user (not the JWT role)","status":"passed","title":"derives entitlement from the shared policy against the DB user (not the JWT role)","duration":0.20329199999991943,"failureMessages":[],"meta":{}},{"ancestorTitles":["POST /api/dime/chat — route wiring"],"fullName":"POST /api/dime/chat — route wiring refuses non-owners with a 403 carrying the hardcoded copy","status":"passed","title":"refuses non-owners with a 403 carrying the hardcoded copy","duration":0.04158400000005713,"failureMessages":[],"meta":{}},{"ancestorTitles":["POST /api/dime/chat — route wiring"],"fullName":"POST /api/dime/chat — route wiring orders the gates: auth → entitlement → rate limit → provider freeze","status":"passed","title":"orders the gates: auth → entitlement → rate limit → provider freeze","duration":0.1164169999999558,"failureMessages":[],"meta":{}},{"ancestorTitles":["POST /api/dime/chat — route wiring"],"fullName":"POST /api/dime/chat — route wiring keeps the temporary alpha branch after safety and before every production provider path","status":"passed","title":"keeps the temporary alpha branch after safety and before every production provider path","duration":0.08120900000005804,"failureMessages":[],"meta":{}},{"ancestorTitles":["trpc claude.chat — stays owner-only"],"fullName":"trpc claude.chat — stays owner-only runs on ownerProcedure","status":"passed","title":"runs on ownerProcedure","duration":0.17312500000002728,"failureMessages":[],"meta":{}}],"startTime":1785308382893,"endTime":1785308382896.2034,"status":"passed","message":"","name":"/Users/danielwalker/src/ai-sports-betting-dime-ai/server/dimeModelAccess.test.ts"},{"assertionResults":[{"ancestorTitles":["WC2026 route Anthropic credentials"],"fullName":"WC2026 route Anthropic credentials uses the shared createAnthropicClient factory","status":"passed","title":"uses the shared createAnthropicClient factory","duration":2.8315840000000208,"failureMessages":[],"meta":{}},{"ancestorTitles":["WC2026 route Anthropic credentials"],"fullName":"WC2026 route Anthropic credentials gates on hasAnthropicCredentials rather than ANTHROPIC_API_KEY alone","status":"passed","title":"gates on hasAnthropicCredentials rather than ANTHROPIC_API_KEY alone","duration":0.523584000000028,"failureMessages":[],"meta":{}},{"ancestorTitles":["WC2026 route Anthropic credentials"],"fullName":"WC2026 route Anthropic credentials does not construct the SDK client from a bare apiKey env read","status":"passed","title":"does not construct the SDK client from a bare apiKey env read","duration":1.4138330000000678,"failureMessages":[],"meta":{}}],"startTime":1785308407859,"endTime":1785308407864.4138,"status":"passed","message":"","name":"/Users/danielwalker/src/ai-sports-betting-dime-ai/server/dimeWc2026GatewayCreds.test.ts"},{"assertionResults":[{"ancestorTitles":["Discord Bot Token Validation"],"fullName":"Discord Bot Token Validation DISCORD_BOT_TOKEN is set in environment","status":"passed","title":"DISCORD_BOT_TOKEN is set in environment","duration":0.5929999999999609,"failureMessages":[],"meta":{}},{"ancestorTitles":["Discord Bot Token Validation"],"fullName":"Discord Bot Token Validation DISCORD_BOT_TOKEN is accepted by Discord REST API (/users/@me)","status":"passed","title":"DISCORD_BOT_TOKEN is accepted by Discord REST API (/users/@me)","duration":398.545459,"failureMessages":[],"meta":{}}],"startTime":1785308388130,"endTime":1785308388529.5454,"status":"passed","message":"","name":"/Users/danielwalker/src/ai-sports-betting-dime-ai/server/discord.bot.token.test.ts"},{"assertionResults":[{"ancestorTitles":["Discord route prefix invariant"],"fullName":"Discord route prefix invariant ROUTE_PREFIX must start with /api/ (legacy proxy only routed /api/* to Express)","status":"passed","title":"ROUTE_PREFIX must start with /api/ (legacy proxy only routed /api/* to Express)","duration":7.730834000000073,"failureMessages":[],"meta":{}},{"ancestorTitles":["Discord route prefix invariant"],"fullName":"Discord route prefix invariant connect route is registered at /api/auth/discord/connect","status":"passed","title":"connect route is registered at /api/auth/discord/connect","duration":0.6056670000000395,"failureMessages":[],"meta":{}},{"ancestorTitles":["Discord route prefix invariant"],"fullName":"Discord route prefix invariant callback route is registered at /api/auth/discord/callback","status":"passed","title":"callback route is registered at /api/auth/discord/callback","duration":0.23500000000001364,"failureMessages":[],"meta":{}},{"ancestorTitles":["Discord route prefix invariant"],"fullName":"Discord route prefix invariant disconnect route is registered at /api/auth/discord/disconnect","status":"passed","title":"disconnect route is registered at /api/auth/discord/disconnect","duration":0.1566249999999627,"failureMessages":[],"meta":{}},{"ancestorTitles":["Discord route prefix invariant"],"fullName":"Discord route prefix invariant frontend connect href uses /api/auth/discord/connect","status":"passed","title":"frontend connect href uses /api/auth/discord/connect","duration":0.25354200000003857,"failureMessages":[],"meta":{}},{"ancestorTitles":["Discord route prefix invariant"],"fullName":"Discord route prefix invariant frontend does NOT expose a user-facing disconnect button (one-time-only policy)","status":"passed","title":"frontend does NOT expose a user-facing disconnect button (one-time-only policy)","duration":271.91445899999997,"failureMessages":[],"meta":{}},{"ancestorTitles":["Discord ENV vars"],"fullName":"Discord ENV vars ENV.discordClientId is defined","status":"passed","title":"ENV.discordClientId is defined","duration":0.5047499999999445,"failureMessages":[],"meta":{}},{"ancestorTitles":["Discord ENV vars"],"fullName":"Discord ENV vars ENV.discordClientSecret is defined","status":"passed","title":"ENV.discordClientSecret is defined","duration":0.27283299999999144,"failureMessages":[],"meta":{}},{"ancestorTitles":["Discord ENV vars"],"fullName":"Discord ENV vars ENV.discordPublicKey is defined","status":"passed","title":"ENV.discordPublicKey is defined","duration":0.4809169999999767,"failureMessages":[],"meta":{}},{"ancestorTitles":["Discord ENV vars"],"fullName":"Discord ENV vars ENV.discordGuildId is defined","status":"passed","title":"ENV.discordGuildId is defined","duration":0.3601250000000391,"failureMessages":[],"meta":{}},{"ancestorTitles":["Discord ENV vars"],"fullName":"Discord ENV vars ENV.discordBotToken is defined","status":"passed","title":"ENV.discordBotToken is defined","duration":0.1548329999999396,"failureMessages":[],"meta":{}},{"ancestorTitles":["Discord ENV vars"],"fullName":"Discord ENV vars ENV.discordRoleAiModelSub is defined","status":"passed","title":"ENV.discordRoleAiModelSub is defined","duration":0.40716599999996106,"failureMessages":[],"meta":{}},{"ancestorTitles":["Discord schema fields on appUsers"],"fullName":"Discord schema fields on appUsers appUsers table has discordId column","status":"passed","title":"appUsers table has discordId column","duration":1057.564542,"failureMessages":[],"meta":{}},{"ancestorTitles":["Discord schema fields on appUsers"],"fullName":"Discord schema fields on appUsers appUsers table has discordUsername column","status":"passed","title":"appUsers table has discordUsername column","duration":0.5828329999999369,"failureMessages":[],"meta":{}},{"ancestorTitles":["Discord schema fields on appUsers"],"fullName":"Discord schema fields on appUsers appUsers table has discordAvatar column","status":"passed","title":"appUsers table has discordAvatar column","duration":1.6024159999999483,"failureMessages":[],"meta":{}},{"ancestorTitles":["Discord schema fields on appUsers"],"fullName":"Discord schema fields on appUsers appUsers table has discordConnectedAt column","status":"passed","title":"appUsers table has discordConnectedAt column","duration":0.24287500000014006,"failureMessages":[],"meta":{}},{"ancestorTitles":["Discord route guards"],"fullName":"Discord route guards /api/auth/discord/connect redirects without app_session cookie","status":"passed","title":"/api/auth/discord/connect redirects without app_session cookie","duration":8.246832999999924,"failureMessages":[],"meta":{}},{"ancestorTitles":["Discord route guards"],"fullName":"Discord route guards /api/auth/discord/callback rejects missing code","status":"passed","title":"/api/auth/discord/callback rejects missing code","duration":0.2459160000000793,"failureMessages":[],"meta":{}},{"ancestorTitles":["Discord route guards"],"fullName":"Discord route guards /api/auth/discord/callback rejects expired state","status":"passed","title":"/api/auth/discord/callback rejects expired state","duration":1.6355419999999867,"failureMessages":[],"meta":{}},{"ancestorTitles":["Discord route guards"],"fullName":"Discord route guards /api/auth/discord/disconnect returns 401 without app_session cookie","status":"passed","title":"/api/auth/discord/disconnect returns 401 without app_session cookie","duration":4.189791000000014,"failureMessages":[],"meta":{}},{"ancestorTitles":["PUBLIC_ORIGIN env var"],"fullName":"PUBLIC_ORIGIN env var ENV.publicOrigin is set (required to prevent Cloud Run hostname in redirect_uri)","status":"passed","title":"ENV.publicOrigin is set (required to prevent Cloud Run hostname in redirect_uri)","duration":0.2572090000001026,"failureMessages":[],"meta":{}},{"ancestorTitles":["PUBLIC_ORIGIN env var"],"fullName":"PUBLIC_ORIGIN env var ENV.publicOrigin does not have a trailing slash","status":"passed","title":"ENV.publicOrigin does not have a trailing slash","duration":0.07854100000008657,"failureMessages":[],"meta":{}},{"ancestorTitles":["PUBLIC_ORIGIN env var"],"fullName":"PUBLIC_ORIGIN env var redirect_uri built from PUBLIC_ORIGIN matches Discord Portal registration","status":"passed","title":"redirect_uri built from PUBLIC_ORIGIN matches Discord Portal registration","duration":0.05275000000006003,"failureMessages":[],"meta":{}}],"startTime":1785308365926,"endTime":1785308367286.2573,"status":"passed","message":"","name":"/Users/danielwalker/src/ai-sports-betting-dime-ai/server/discordAuth.test.ts"},{"assertionResults":[{"ancestorTitles":["Discord Invite Token — structure invariants"],"fullName":"Discord Invite Token — structure invariants invite URL must contain scope=identify and response_type=code","status":"passed","title":"invite URL must contain scope=identify and response_type=code","duration":2.2493749999999864,"failureMessages":[],"meta":{}},{"ancestorTitles":["Discord Invite Token — structure invariants"],"fullName":"Discord Invite Token — structure invariants invite URL must NOT contain guilds.members.read scope","status":"passed","title":"invite URL must NOT contain guilds.members.read scope","duration":0.6101250000000391,"failureMessages":[],"meta":{}},{"ancestorTitles":["Discord Invite Token — structure invariants"],"fullName":"Discord Invite Token — structure invariants token expiry must be exactly 7 days from creation","status":"passed","title":"token expiry must be exactly 7 days from creation","duration":0.8870000000000573,"failureMessages":[],"meta":{}},{"ancestorTitles":["Discord Invite Token — structure invariants"],"fullName":"Discord Invite Token — structure invariants token must be 64 hex chars (32 random bytes)","status":"passed","title":"token must be 64 hex chars (32 random bytes)","duration":3.7638330000000906,"failureMessages":[],"meta":{}},{"ancestorTitles":["Discord Invite Token — structure invariants"],"fullName":"Discord Invite Token — structure invariants each generated token must be unique","status":"passed","title":"each generated token must be unique","duration":0.9642499999999927,"failureMessages":[],"meta":{}},{"ancestorTitles":["Discord Invite Callback — error paths"],"fullName":"Discord Invite Callback — error paths missing code param → redirects to /?discord_error=invite_invalid","status":"passed","title":"missing code param → redirects to /?discord_error=invite_invalid","duration":0.17975000000001273,"failureMessages":[],"meta":{}},{"ancestorTitles":["Discord Invite Callback — error paths"],"fullName":"Discord Invite Callback — error paths missing state param → redirects to /?discord_error=invite_invalid","status":"passed","title":"missing state param → redirects to /?discord_error=invite_invalid","duration":0.1129999999999427,"failureMessages":[],"meta":{}},{"ancestorTitles":["Discord Invite Callback — error paths"],"fullName":"Discord Invite Callback — error paths Discord error=access_denied → redirects to /?discord_error=access_denied","status":"passed","title":"Discord error=access_denied → redirects to /?discord_error=access_denied","duration":0.23149999999998272,"failureMessages":[],"meta":{}},{"ancestorTitles":["Discord Invite Callback — error paths"],"fullName":"Discord Invite Callback — error paths expired token → redirects to /?discord_error=invite_expired","status":"passed","title":"expired token → redirects to /?discord_error=invite_expired","duration":0.9544169999999212,"failureMessages":[],"meta":{}},{"ancestorTitles":["Discord Invite Callback — error paths"],"fullName":"Discord Invite Callback — error paths already-used token → redirects to /?discord_error=invite_used","status":"passed","title":"already-used token → redirects to /?discord_error=invite_used","duration":0.09637500000008004,"failureMessages":[],"meta":{}},{"ancestorTitles":["Discord Invite Callback — error paths"],"fullName":"Discord Invite Callback — error paths user already has discordId → redirects to /?discord_error=already_connected","status":"passed","title":"user already has discordId → redirects to /?discord_error=already_connected","duration":0.10991699999999582,"failureMessages":[],"meta":{}},{"ancestorTitles":["Discord Invite Callback — success path logic"],"fullName":"Discord Invite Callback — success path logic valid flow: discordId written to user row","status":"passed","title":"valid flow: discordId written to user row","duration":0.4656250000000455,"failureMessages":[],"meta":{}},{"ancestorTitles":["Discord Invite Callback — success path logic"],"fullName":"Discord Invite Callback — success path logic valid flow: token usedAt is set after successful link","status":"passed","title":"valid flow: token usedAt is set after successful link","duration":0.11941600000000108,"failureMessages":[],"meta":{}},{"ancestorTitles":["Discord Invite Callback — success path logic"],"fullName":"Discord Invite Callback — success path logic valid flow: session JWT must contain userId","status":"passed","title":"valid flow: session JWT must contain userId","duration":26.86099999999999,"failureMessages":[],"meta":{}},{"ancestorTitles":["Discord Invite Callback — success path logic"],"fullName":"Discord Invite Callback — success path logic valid flow: redirect target is the canonical feed after successful link","status":"passed","title":"valid flow: redirect target is the canonical feed after successful link","duration":0.13037500000007185,"failureMessages":[],"meta":{}},{"ancestorTitles":["generateDiscordInvite tRPC procedure — input validation"],"fullName":"generateDiscordInvite tRPC procedure — input validation userId must be a positive integer","status":"passed","title":"userId must be a positive integer","duration":8.992874999999913,"failureMessages":[],"meta":{}},{"ancestorTitles":["generateDiscordInvite tRPC procedure — input validation"],"fullName":"generateDiscordInvite tRPC procedure — input validation origin must be a valid URL","status":"passed","title":"origin must be a valid URL","duration":14.702416999999969,"failureMessages":[],"meta":{}},{"ancestorTitles":["generateDiscordInvite tRPC procedure — input validation"],"fullName":"generateDiscordInvite tRPC procedure — input validation invite URL must use the origin from the request, not a hardcoded domain","status":"passed","title":"invite URL must use the origin from the request, not a hardcoded domain","duration":1.9183329999999614,"failureMessages":[],"meta":{}},{"ancestorTitles":["generateDiscordInvite tRPC procedure — input validation"],"fullName":"generateDiscordInvite tRPC procedure — input validation invite URL must never contain the admin's session cookie or auth token","status":"passed","title":"invite URL must never contain the admin's session cookie or auth token","duration":0.2077080000000251,"failureMessages":[],"meta":{}},{"ancestorTitles":["Discord Invite — security invariants"],"fullName":"Discord Invite — security invariants token must be single-use: usedAt prevents reuse","status":"passed","title":"token must be single-use: usedAt prevents reuse","duration":0.07962499999996453,"failureMessages":[],"meta":{}},{"ancestorTitles":["Discord Invite — security invariants"],"fullName":"Discord Invite — security invariants token must expire after 7 days","status":"passed","title":"token must expire after 7 days","duration":0.678957999999966,"failureMessages":[],"meta":{}},{"ancestorTitles":["Discord Invite — security invariants"],"fullName":"Discord Invite — security invariants token must NOT expire before 7 days","status":"passed","title":"token must NOT expire before 7 days","duration":0.05370900000002621,"failureMessages":[],"meta":{}},{"ancestorTitles":["Discord Invite — security invariants"],"fullName":"Discord Invite — security invariants invite must be scoped to a specific userId — cannot be used by a different user","status":"passed","title":"invite must be scoped to a specific userId — cannot be used by a different user","duration":0.06675000000007003,"failureMessages":[],"meta":{}},{"ancestorTitles":["Discord Invite — security invariants"],"fullName":"Discord Invite — security invariants callback must not expose client_secret in redirect URL","status":"passed","title":"callback must not expose client_secret in redirect URL","duration":0.063083000000006,"failureMessages":[],"meta":{}}],"startTime":1785308366072,"endTime":1785308366139.0667,"status":"passed","message":"","name":"/Users/danielwalker/src/ai-sports-betting-dime-ai/server/discordInvite.test.ts"},{"assertionResults":[{"ancestorTitles":["Discord login route prefix invariant"],"fullName":"Discord login route prefix invariant ROUTE_PREFIX must be /api/auth/discord-login","status":"passed","title":"ROUTE_PREFIX must be /api/auth/discord-login","duration":1.1952499999999873,"failureMessages":[],"meta":{}},{"ancestorTitles":["Discord login route prefix invariant"],"fullName":"Discord login route prefix invariant connect route is registered at /api/auth/discord-login/connect","status":"passed","title":"connect route is registered at /api/auth/discord-login/connect","duration":0.31150000000002365,"failureMessages":[],"meta":{}},{"ancestorTitles":["Discord login route prefix invariant"],"fullName":"Discord login route prefix invariant callback route is registered at /api/auth/discord-login/callback","status":"passed","title":"callback route is registered at /api/auth/discord-login/callback","duration":0.08291699999995217,"failureMessages":[],"meta":{}},{"ancestorTitles":["Discord login schema invariant"],"fullName":"Discord login schema invariant schema exports discordLoginStates table","status":"passed","title":"schema exports discordLoginStates table","duration":0.426290999999992,"failureMessages":[],"meta":{}},{"ancestorTitles":["Discord login ENV invariant"],"fullName":"Discord login ENV invariant ENV has discordClientId","status":"passed","title":"ENV has discordClientId","duration":0.5214580000000524,"failureMessages":[],"meta":{}},{"ancestorTitles":["Discord login ENV invariant"],"fullName":"Discord login ENV invariant ENV has discordClientSecret","status":"passed","title":"ENV has discordClientSecret","duration":0.1508330000000342,"failureMessages":[],"meta":{}},{"ancestorTitles":["Discord login performance invariant — /connect zero-DB"],"fullName":"Discord login performance invariant — /connect zero-DB discordLogin.ts uses JWT state (createStateToken) — no DB write on /connect","status":"passed","title":"discordLogin.ts uses JWT state (createStateToken) — no DB write on /connect","duration":0.3579579999999396,"failureMessages":[],"meta":{}},{"ancestorTitles":["Discord login performance invariant — /connect zero-DB"],"fullName":"Discord login performance invariant — /connect zero-DB /connect handler does NOT call getDb() or db.insert before redirect","status":"passed","title":"/connect handler does NOT call getDb() or db.insert before redirect","duration":0.33491700000001856,"failureMessages":[],"meta":{}},{"ancestorTitles":["Discord login performance invariant — /connect zero-DB"],"fullName":"Discord login performance invariant — /connect zero-DB JWT state uses HS256 algorithm","status":"passed","title":"JWT state uses HS256 algorithm","duration":0.24729200000001583,"failureMessages":[],"meta":{}},{"ancestorTitles":["Discord login performance invariant — /connect zero-DB"],"fullName":"Discord login performance invariant — /connect zero-DB JWT state TTL is 10 minutes","status":"passed","title":"JWT state TTL is 10 minutes","duration":0.13408400000002985,"failureMessages":[],"meta":{}},{"ancestorTitles":["Discord login performance invariant — /callback fetch"],"fullName":"Discord login performance invariant — /callback fetch /callback fetches Discord profile via /users/@me","status":"passed","title":"/callback fetches Discord profile via /users/@me","duration":0.3729170000000295,"failureMessages":[],"meta":{}},{"ancestorTitles":["Discord login performance invariant — /callback fetch"],"fullName":"Discord login performance invariant — /callback fetch /callback profile update is fire-and-forget (setImmediate)","status":"passed","title":"/callback profile update is fire-and-forget (setImmediate)","duration":0.20604199999991124,"failureMessages":[],"meta":{}},{"ancestorTitles":["Discord login performance invariant — /callback fetch"],"fullName":"Discord login performance invariant — /callback fetch /callback redirects BEFORE profile update (redirect before setImmediate)","status":"passed","title":"/callback redirects BEFORE profile update (redirect before setImmediate)","duration":0.25662499999998545,"failureMessages":[],"meta":{}},{"ancestorTitles":["Discord login access control invariant — DB-level"],"fullName":"Discord login access control invariant — DB-level discordLogin.ts uses only 'identify' scope (no guilds.members.read)","status":"passed","title":"discordLogin.ts uses only 'identify' scope (no guilds.members.read)","duration":0.127666999999974,"failureMessages":[],"meta":{}},{"ancestorTitles":["Discord login access control invariant — DB-level"],"fullName":"Discord login access control invariant — DB-level discordLogin.ts looks up user by discordId in DB","status":"passed","title":"discordLogin.ts looks up user by discordId in DB","duration":0.1039579999999205,"failureMessages":[],"meta":{}},{"ancestorTitles":["Discord login access control invariant — DB-level"],"fullName":"Discord login access control invariant — DB-level discordLogin.ts checks hasAccess before issuing session","status":"passed","title":"discordLogin.ts checks hasAccess before issuing session","duration":0.10316699999998491,"failureMessages":[],"meta":{}},{"ancestorTitles":["Discord login access control invariant — DB-level"],"fullName":"Discord login access control invariant — DB-level discordLogin.ts checks expiryDate before issuing session","status":"passed","title":"discordLogin.ts checks expiryDate before issuing session","duration":0.10266699999999673,"failureMessages":[],"meta":{}},{"ancestorTitles":["Discord login access control invariant — DB-level"],"fullName":"Discord login access control invariant — DB-level discordLogin.ts redirects to no_account when discordId not in DB","status":"passed","title":"discordLogin.ts redirects to no_account when discordId not in DB","duration":0.07645800000000236,"failureMessages":[],"meta":{}},{"ancestorTitles":["Discord login access control invariant — DB-level"],"fullName":"Discord login access control invariant — DB-level discordLogin.ts callback is wrapped in top-level try/catch (Express 4 async safety)","status":"passed","title":"discordLogin.ts callback is wrapped in top-level try/catch (Express 4 async safety)","duration":0.13466700000003584,"failureMessages":[],"meta":{}},{"ancestorTitles":["Discord login frontend invariant"],"fullName":"Discord login frontend invariant Home.tsx uses /api/auth/discord-login/connect for the Discord OAuth button","status":"passed","title":"Home.tsx uses /api/auth/discord-login/connect for the Discord OAuth button","duration":1.3365830000000187,"failureMessages":[],"meta":{}}],"startTime":1785308370562,"endTime":1785308370570.3367,"status":"passed","message":"","name":"/Users/danielwalker/src/ai-sports-betting-dime-ai/server/discordLogin.test.ts"},{"assertionResults":[{"ancestorTitles":["Fix 1: Null-guard on model styles — !null must NOT produce green","awaySpreadModelStyle"],"fullName":"Fix 1: Null-guard on model styles — !null must NOT produce green awaySpreadModelStyle [VERIFY] spreadEdgeIsAway=null → away=white (no edge direction)","status":"passed","title":"[VERIFY] spreadEdgeIsAway=null → away=white (no edge direction)","duration":1.0292499999999905,"failureMessages":[],"meta":{}},{"ancestorTitles":["Fix 1: Null-guard on model styles — !null must NOT produce green","awaySpreadModelStyle"],"fullName":"Fix 1: Null-guard on model styles — !null must NOT produce green awaySpreadModelStyle [VERIFY] spreadEdgeIsAway=true → away=green","status":"passed","title":"[VERIFY] spreadEdgeIsAway=true → away=green","duration":0.20487500000001546,"failureMessages":[],"meta":{}},{"ancestorTitles":["Fix 1: Null-guard on model styles — !null must NOT produce green","awaySpreadModelStyle"],"fullName":"Fix 1: Null-guard on model styles — !null must NOT produce green awaySpreadModelStyle [VERIFY] spreadEdgeIsAway=false → away=white","status":"passed","title":"[VERIFY] spreadEdgeIsAway=false → away=white","duration":0.1765839999999912,"failureMessages":[],"meta":{}},{"ancestorTitles":["Fix 1: Null-guard on model styles — !null must NOT produce green","awaySpreadModelStyle"],"fullName":"Fix 1: Null-guard on model styles — !null must NOT produce green awaySpreadModelStyle [VERIFY] showModel=false → away=dim regardless of direction","status":"passed","title":"[VERIFY] showModel=false → away=dim regardless of direction","duration":0.2505419999999958,"failureMessages":[],"meta":{}},{"ancestorTitles":["Fix 1: Null-guard on model styles — !null must NOT produce green","homeSpreadModelStyle"],"fullName":"Fix 1: Null-guard on model styles — !null must NOT produce green homeSpreadModelStyle [CRITICAL] spreadEdgeIsAway=null → home=white (was incorrectly green before fix)","status":"passed","title":"[CRITICAL] spreadEdgeIsAway=null → home=white (was incorrectly green before fix)","duration":0.2860409999999547,"failureMessages":[],"meta":{}},{"ancestorTitles":["Fix 1: Null-guard on model styles — !null must NOT produce green","homeSpreadModelStyle"],"fullName":"Fix 1: Null-guard on model styles — !null must NOT produce green homeSpreadModelStyle [VERIFY] spreadEdgeIsAway=false → home=green","status":"passed","title":"[VERIFY] spreadEdgeIsAway=false → home=green","duration":0.150416000000007,"failureMessages":[],"meta":{}},{"ancestorTitles":["Fix 1: Null-guard on model styles — !null must NOT produce green","homeSpreadModelStyle"],"fullName":"Fix 1: Null-guard on model styles — !null must NOT produce green homeSpreadModelStyle [VERIFY] spreadEdgeIsAway=true → home=white","status":"passed","title":"[VERIFY] spreadEdgeIsAway=true → home=white","duration":0.1815000000000282,"failureMessages":[],"meta":{}},{"ancestorTitles":["Fix 1: Null-guard on model styles — !null must NOT produce green","homeSpreadModelStyle"],"fullName":"Fix 1: Null-guard on model styles — !null must NOT produce green homeSpreadModelStyle [VERIFY] showModel=false → home=dim regardless of direction","status":"passed","title":"[VERIFY] showModel=false → home=dim regardless of direction","duration":0.06808399999999892,"failureMessages":[],"meta":{}},{"ancestorTitles":["Fix 1: Null-guard on model styles — !null must NOT produce green","overTotalModelStyle"],"fullName":"Fix 1: Null-guard on model styles — !null must NOT produce green overTotalModelStyle [VERIFY] totalEdgeIsOver=null → over=white","status":"passed","title":"[VERIFY] totalEdgeIsOver=null → over=white","duration":0.17133300000000418,"failureMessages":[],"meta":{}},{"ancestorTitles":["Fix 1: Null-guard on model styles — !null must NOT produce green","overTotalModelStyle"],"fullName":"Fix 1: Null-guard on model styles — !null must NOT produce green overTotalModelStyle [VERIFY] totalEdgeIsOver=true → over=green","status":"passed","title":"[VERIFY] totalEdgeIsOver=true → over=green","duration":0.060415999999975156,"failureMessages":[],"meta":{}},{"ancestorTitles":["Fix 1: Null-guard on model styles — !null must NOT produce green","overTotalModelStyle"],"fullName":"Fix 1: Null-guard on model styles — !null must NOT produce green overTotalModelStyle [VERIFY] totalEdgeIsOver=false → over=white","status":"passed","title":"[VERIFY] totalEdgeIsOver=false → over=white","duration":0.043915999999967426,"failureMessages":[],"meta":{}},{"ancestorTitles":["Fix 1: Null-guard on model styles — !null must NOT produce green","underTotalModelStyle"],"fullName":"Fix 1: Null-guard on model styles — !null must NOT produce green underTotalModelStyle [CRITICAL] totalEdgeIsOver=null → under=white (was incorrectly green before fix)","status":"passed","title":"[CRITICAL] totalEdgeIsOver=null → under=white (was incorrectly green before fix)","duration":0.11933299999998326,"failureMessages":[],"meta":{}},{"ancestorTitles":["Fix 1: Null-guard on model styles — !null must NOT produce green","underTotalModelStyle"],"fullName":"Fix 1: Null-guard on model styles — !null must NOT produce green underTotalModelStyle [VERIFY] totalEdgeIsOver=false → under=green","status":"passed","title":"[VERIFY] totalEdgeIsOver=false → under=green","duration":0.13450000000000273,"failureMessages":[],"meta":{}},{"ancestorTitles":["Fix 1: Null-guard on model styles — !null must NOT produce green","underTotalModelStyle"],"fullName":"Fix 1: Null-guard on model styles — !null must NOT produce green underTotalModelStyle [VERIFY] totalEdgeIsOver=true → under=white","status":"passed","title":"[VERIFY] totalEdgeIsOver=true → under=white","duration":0.09600000000000364,"failureMessages":[],"meta":{}},{"ancestorTitles":["Fix 2: spreadEdgeIsAwayForVerdict uses authoritative value"],"fullName":"Fix 2: spreadEdgeIsAwayForVerdict uses authoritative value [VERIFY] authSpreadEdgeIsAway=true → verdict shows away team logo","status":"passed","title":"[VERIFY] authSpreadEdgeIsAway=true → verdict shows away team logo","duration":0.04904200000004266,"failureMessages":[],"meta":{}},{"ancestorTitles":["Fix 2: spreadEdgeIsAwayForVerdict uses authoritative value"],"fullName":"Fix 2: spreadEdgeIsAwayForVerdict uses authoritative value [VERIFY] authSpreadEdgeIsAway=false → verdict shows home team logo","status":"passed","title":"[VERIFY] authSpreadEdgeIsAway=false → verdict shows home team logo","duration":0.03683300000000145,"failureMessages":[],"meta":{}},{"ancestorTitles":["Fix 2: spreadEdgeIsAwayForVerdict uses authoritative value"],"fullName":"Fix 2: spreadEdgeIsAwayForVerdict uses authoritative value [VERIFY] authSpreadEdgeIsAway=null → verdict defaults to home (spreadPass=true, row not rendered)","status":"passed","title":"[VERIFY] authSpreadEdgeIsAway=null → verdict defaults to home (spreadPass=true, row not rendered)","duration":0.0343340000000012,"failureMessages":[],"meta":{}},{"ancestorTitles":["Fix 3: Edge column width is uniform across showModel states"],"fullName":"Fix 3: Edge column width is uniform across showModel states [VERIFY] showModel=true edge column uses canonical width","status":"passed","title":"[VERIFY] showModel=true edge column uses canonical width","duration":0.041083000000014636,"failureMessages":[],"meta":{}},{"ancestorTitles":["Fix 3: Edge column width is uniform across showModel states"],"fullName":"Fix 3: Edge column width is uniform across showModel states [VERIFY] showModel=false placeholder uses canonical width","status":"passed","title":"[VERIFY] showModel=false placeholder uses canonical width","duration":0.03520800000001145,"failureMessages":[],"meta":{}},{"ancestorTitles":["Fix 3: Edge column width is uniform across showModel states"],"fullName":"Fix 3: Edge column width is uniform across showModel states [VERIFY] Both widths are identical — no layout shift on toggle","status":"passed","title":"[VERIFY] Both widths are identical — no layout shift on toggle","duration":0.03937500000000682,"failureMessages":[],"meta":{}},{"ancestorTitles":["edgeUtils: americanToImplied"],"fullName":"edgeUtils: americanToImplied [VERIFY] +100 → 0.5 (even money)","status":"passed","title":"[VERIFY] +100 → 0.5 (even money)","duration":0.08641699999998309,"failureMessages":[],"meta":{}},{"ancestorTitles":["edgeUtils: americanToImplied"],"fullName":"edgeUtils: americanToImplied [VERIFY] -110 → ~0.5238 (standard vig)","status":"passed","title":"[VERIFY] -110 → ~0.5238 (standard vig)","duration":0.03979199999997718,"failureMessages":[],"meta":{}},{"ancestorTitles":["edgeUtils: americanToImplied"],"fullName":"edgeUtils: americanToImplied [VERIFY] -200 → ~0.6667 (heavy favorite)","status":"passed","title":"[VERIFY] -200 → ~0.6667 (heavy favorite)","duration":0.03520800000001145,"failureMessages":[],"meta":{}},{"ancestorTitles":["edgeUtils: americanToImplied"],"fullNam
[...]
puteBundleBudget flags a vendor-motion-*.js chunk pulled into the closure","status":"passed","title":"flags a vendor-motion-*.js chunk pulled into the closure","duration":2.013499999999908,"failureMessages":[],"meta":{}},{"ancestorTitles":["computeBundleBudget"],"fullName":"computeBundleBudget throws a clear error when no DimeChat chunk exists","status":"passed","title":"throws a clear error when no DimeChat chunk exists","duration":1.3152089999999816,"failureMessages":[],"meta":{}},{"ancestorTitles":["computeBundleBudget"],"fullName":"computeBundleBudget throws a clear error when index.html is missing","status":"passed","title":"throws a clear error when index.html is missing","duration":1.1248339999999644,"failureMessages":[],"meta":{}},{"ancestorTitles":["computeBundleBudget"],"fullName":"computeBundleBudget reproduces the recorded PR #70 baseline and pre-fix totals exactly","status":"passed","title":"reproduces the recorded PR #70 baseline and pre-fix totals exactly","duration":9.39504199999999,"failureMessages":[],"meta":{}}],"startTime":1785308370669,"endTime":1785308370700.395,"status":"passed","message":"","name":"/Users/danielwalker/src/ai-sports-betting-dime-ai/scripts/check-bundle-budget.test.ts"},{"assertionResults":[{"ancestorTitles":["environment-failure gate"],"fullName":"environment-failure gate builds ids in the allowlist's file::suite > title format","status":"passed","title":"builds ids in the allowlist's file::suite > title format","duration":1.2028340000000526,"failureMessages":[],"meta":{}},{"ancestorTitles":["environment-failure gate"],"fullName":"environment-failure gate accepts a known allowlisted failure whose env var is absent","status":"passed","title":"accepts a known allowlisted failure whose env var is absent","duration":2.0831249999999955,"failureMessages":[],"meta":{}},{"ancestorTitles":["environment-failure gate"],"fullName":"environment-failure gate fails on a new failure that is not allowlisted","status":"passed","title":"fails on a new failure that is not allowlisted","duration":0.9831250000000864,"failureMessages":[],"meta":{}},{"ancestorTitles":["environment-failure gate"],"fullName":"environment-failure gate fails a stale entry that passes while its env var is absent","status":"passed","title":"fails a stale entry that passes while its env var is absent","duration":0.12858299999993505,"failureMessages":[],"meta":{}},{"ancestorTitles":["environment-failure gate"],"fullName":"environment-failure gate envMode=any: passing with ONE of the vars present is NOT a stale entry","status":"passed","title":"envMode=any: passing with ONE of the vars present is NOT a stale entry","duration":0.2795000000000982,"failureMessages":[],"meta":{}},{"ancestorTitles":["environment-failure gate"],"fullName":"environment-failure gate envMode=any: passing while ALL vars are absent IS a stale entry","status":"passed","title":"envMode=any: passing while ALL vars are absent IS a stale entry","duration":0.11645799999996598,"failureMessages":[],"meta":{}},{"ancestorTitles":["environment-failure gate"],"fullName":"environment-failure gate envMode=any: failing while one var is present is a real failure","status":"passed","title":"envMode=any: failing while one var is present is a real failure","duration":8.21670800000004,"failureMessages":[],"meta":{}},{"ancestorTitles":["environment-failure gate"],"fullName":"environment-failure gate envMode=any: failing while all vars are absent stays environment-bound","status":"passed","title":"envMode=any: failing while all vars are absent stays environment-bound","duration":0.5986670000000913,"failureMessages":[],"meta":{}},{"ancestorTitles":["environment-failure gate"],"fullName":"environment-failure gate fails a functional regression mislabeled as environmental (env present)","status":"passed","title":"fails a functional regression mislabeled as environmental (env present)","duration":0.4215000000000373,"failureMessages":[],"meta":{}},{"ancestorTitles":["environment-failure gate"],"fullName":"environment-failure gate fails when an allowlisted test is not executed at all","status":"passed","title":"fails when an allowlisted test is not executed at all","duration":0.10158300000000509,"failureMessages":[],"meta":{}},{"ancestorTitles":["environment-failure gate"],"fullName":"environment-failure gate fails CI on any failure and on undeclared skips","status":"passed","title":"fails CI on any failure and on undeclared skips","duration":1.0056670000000167,"failureMessages":[],"meta":{}},{"ancestorTitles":["environment-failure gate"],"fullName":"environment-failure gate fails local on a collection error (file failed, zero assertions) — never excusable","status":"passed","title":"fails local on a collection error (file failed, zero assertions) — never excusable","duration":0.4990420000000313,"failureMessages":[],"meta":{}},{"ancestorTitles":["environment-failure gate"],"fullName":"environment-failure gate fails ci on a collection error (file failed, zero assertions) — never excusable","status":"passed","title":"fails ci on a collection error (file failed, zero assertions) — never excusable","duration":0.08462500000007367,"failureMessages":[],"meta":{}},{"ancestorTitles":["environment-failure gate"],"fullName":"environment-failure gate fails when vitest reports success:false with nothing visible in the JSON","status":"passed","title":"fails when vitest reports success:false with nothing visible in the JSON","duration":0.06737499999996999,"failureMessages":[],"meta":{}},{"ancestorTitles":["environment-failure gate"],"fullName":"environment-failure gate allows declared CI skips and evaluates dependabot as local","status":"passed","title":"allows declared CI skips and evaluates dependabot as local","duration":0.1023330000000442,"failureMessages":[],"meta":{}}],"startTime":1785308369644,"endTime":1785308369660.1023,"status":"passed","message":"","name":"/Users/danielwalker/src/ai-sports-betting-dime-ai/scripts/check-environment-failures.test.ts"},{"assertionResults":[{"ancestorTitles":["osv-scanner gate"],"fullName":"osv-scanner gate passes cleanly when results is an empty array (osv-scanner's real shape for zero findings)","status":"passed","title":"passes cleanly when results is an empty array (osv-scanner's real shape for zero findings)","duration":5.8324159999999665,"failureMessages":[],"meta":{}},{"ancestorTitles":["osv-scanner gate"],"fullName":"osv-scanner gate flags a HIGH finding using the GHSA-reviewed severity field","status":"passed","title":"flags a HIGH finding using the GHSA-reviewed severity field","duration":2.083167000000003,"failureMessages":[],"meta":{}},{"ancestorTitles":["osv-scanner gate"],"fullName":"osv-scanner gate flags a CRITICAL finding","status":"passed","title":"flags a CRITICAL finding","duration":0.4728339999999207,"failureMessages":[],"meta":{}},{"ancestorTitles":["osv-scanner gate"],"fullName":"osv-scanner gate does not flag MODERATE or LOW findings","status":"passed","title":"does not flag MODERATE or LOW findings","duration":12.636915999999928,"failureMessages":[],"meta":{}},{"ancestorTitles":["osv-scanner gate"],"fullName":"osv-scanner gate falls back to the group's CVSS score when database_specific.severity is absent","status":"passed","title":"falls back to the group's CVSS score when database_specific.severity is absent","duration":0.5635830000001079,"failureMessages":[],"meta":{}},{"ancestorTitles":["osv-scanner gate"],"fullName":"osv-scanner gate never silently passes on a malformed report (missing results field)","status":"passed","title":"never silently passes on a malformed report (missing results field)","duration":6.633374999999887,"failureMessages":[],"meta":{}},{"ancestorTitles":["osv-scanner gate"],"fullName":"osv-scanner gate ignore-listed findings never appear at all, since osv-scanner.toml filters them before this script runs","status":"passed","title":"ignore-listed findings never appear at all, since osv-scanner.toml filters them before this script runs","duration":0.23891699999990124,"failureMessages":[],"meta":{}}],"startTime":1785308397436,"endTime":1785308397485.6333,"status":"passed","message":"","name":"/Users/danielwalker/src/ai-sports-betting-dime-ai/scripts/check-osv-scan.test.ts"},{"assertionResults":[{"ancestorTitles":["nfl-2026 seed data integrity"],"fullName":"nfl-2026 seed data integrity matches the verified golden counts","status":"passed","title":"matches the verified golden counts","duration":1.332084000000009,"failureMessages":[],"meta":{}},{"ancestorTitles":["nfl-2026 seed data integrity"],"fullName":"nfl-2026 seed data integrity has unique primary keys everywhere","status":"passed","title":"has unique primary keys everywhere","duration":0.6037499999999909,"failureMessages":[],"meta":{}},{"ancestorTitles":["nfl-2026 seed data integrity"],"fullName":"nfl-2026 seed data integrity regular-season census: every one of the 32 teams appears in exactly 17 seasonType-2 games","status":"passed","title":"regular-season census: every one of the 32 teams appears in exactly 17 seasonType-2 games","duration":0.5420840000000453,"failureMessages":[],"meta":{}},{"ancestorTitles":["nfl-2026 seed data integrity"],"fullName":"nfl-2026 seed data integrity per-week seasonType-2 counts equal the verified vector (weeks 1-18, sum 272)","status":"passed","title":"per-week seasonType-2 counts equal the verified vector (weeks 1-18, sum 272)","duration":0.25445799999999963,"failureMessages":[],"meta":{}},{"ancestorTitles":["nfl-2026 seed data integrity"],"fullName":"nfl-2026 seed data integrity postseason counts by week match 6/4/2/1 (wild card/divisional/conference/Super Bowl)","status":"passed","title":"postseason counts by week match 6/4/2/1 (wild card/divisional/conference/Super Bowl)","duration":0.12037499999996726,"failureMessages":[],"meta":{}},{"ancestorTitles":["nfl-2026 seed data integrity"],"fullName":"nfl-2026 seed data integrity every player's teamEspnId is a known team","status":"passed","title":"every player's teamEspnId is a known team","duration":24.462249999999926,"failureMessages":[],"meta":{}},{"ancestorTitles":["nfl-2026 seed data integrity"],"fullName":"nfl-2026 seed data integrity every non-null game away/home espnId is a known team","status":"passed","title":"every non-null game away/home espnId is a known team","duration":5.334833000000003,"failureMessages":[],"meta":{}},{"ancestorTitles":["nfl-2026 seed data integrity"],"fullName":"nfl-2026 seed data integrity every team venueId, and every non-null game venueId, is a known venue","status":"passed","title":"every team venueId, and every non-null game venueId, is a known venue","duration":2.087500000000091,"failureMessages":[],"meta":{}},{"ancestorTitles":["nfl-2026 seed data integrity"],"fullName":"nfl-2026 seed data integrity exactly 12 games have a null venueId, all seasonType 3 and week != 5 (NE6)","status":"passed","title":"exactly 12 games have a null venueId, all seasonType 3 and week != 5 (NE6)","duration":0.6932089999999107,"failureMessages":[],"meta":{}},{"ancestorTitles":["nfl-2026 seed data integrity"],"fullName":"nfl-2026 seed data integrity exactly 24 regular-season games have a null broadcast, all in weeks 16-18 (NE1)","status":"passed","title":"exactly 24 regular-season games have a null broadcast, all in weeks 16-18 (NE1)","duration":0.21079099999997197,"failureMessages":[],"meta":{}},{"ancestorTitles":["nfl-2026 seed data integrity"],"fullName":"nfl-2026 seed data integrity isTbd is set iff seasonType is postseason, and TBD rows carry null team ids and awayTeam==='TBD' (NE2)","status":"passed","title":"isTbd is set iff seasonType is postseason, and TBD rows carry null team ids and awayTeam==='TBD' (NE2)","duration":3.4002499999999145,"failureMessages":[],"meta":{}},{"ancestorTitles":["nfl-2026 seed data integrity"],"fullName":"nfl-2026 seed data integrity conference split is 16/16 across 8 divisions of 4 teams each","status":"passed","title":"conference split is 16/16 across 8 divisions of 4 teams each","duration":0.29733299999998053,"failureMessages":[],"meta":{}},{"ancestorTitles":["nfl-2026 seed data integrity"],"fullName":"nfl-2026 seed data integrity teams resolve to exactly 30 distinct venues, with SoFi (7065) and MetLife (3839) shared (NE4)","status":"passed","title":"teams resolve to exactly 30 distinct venues, with SoFi (7065) and MetLife (3839) shared (NE4)","duration":0.09041600000000471,"failureMessages":[],"meta":{}}],"startTime":1785308383463,"endTime":1785308383502.4001,"status":"passed","message":"","name":"/Users/danielwalker/src/ai-sports-betting-dime-ai/scripts/nflSeedData.test.ts"},{"assertionResults":[{"ancestorTitles":["rubric agreement harness (Q6)"],"fullName":"rubric agreement harness (Q6) ranks handle ties with averaged positions","status":"passed","title":"ranks handle ties with averaged positions","duration":3.6973749999999654,"failureMessages":[],"meta":{}},{"ancestorTitles":["rubric agreement harness (Q6)"],"fullName":"rubric agreement harness (Q6) spearman: perfect, inverse, and undefined cases","status":"passed","title":"spearman: perfect, inverse, and undefined cases","duration":0.6220420000001923,"failureMessages":[],"meta":{}},{"ancestorTitles":["rubric agreement harness (Q6)"],"fullName":"rubric agreement harness (Q6) parses ratings and skips incomplete rows","status":"passed","title":"parses ratings and skips incomplete rows","duration":0.4093340000001717,"failureMessages":[],"meta":{}},{"ancestorTitles":["rubric agreement harness (Q6)"],"fullName":"rubric agreement harness (Q6) passes calibration when grader tracks humans and honors auto-fails","status":"passed","title":"passes calibration when grader tracks humans and honors auto-fails","duration":3.672832999999855,"failureMessages":[],"meta":{}},{"ancestorTitles":["rubric agreement harness (Q6)"],"fullName":"rubric agreement harness (Q6) fails when the grader passes a sample a human auto-failed (hard rule)","status":"passed","title":"fails when the grader passes a sample a human auto-failed (hard rule)","duration":1.7527090000000953,"failureMessages":[],"meta":{}},{"ancestorTitles":["rubric agreement harness (Q6)"],"fullName":"rubric agreement harness (Q6) fails below the Spearman threshold instead of rounding up","status":"passed","title":"fails below the Spearman threshold instead of rounding up","duration":0.5664580000000115,"failureMessages":[],"meta":{}}],"startTime":1785308396630,"endTime":1785308396642.5664,"status":"passed","message":"","name":"/Users/danielwalker/src/ai-sports-betting-dime-ai/scripts/rubric-agreement.test.ts"},{"assertionResults":[{"ancestorTitles":["run-gated-local plan (Incident 42)"],"fullName":"run-gated-local plan (Incident 42) keeps the exact single parallel run when DATABASE_URL is absent","status":"passed","title":"keeps the exact single parallel run when DATABASE_URL is absent","duration":33.91733399999998,"failureMessages":[],"meta":{}},{"ancestorTitles":["run-gated-local plan (Incident 42)"],"fullName":"run-gated-local plan (Incident 42) splits into parallel non-DB + serialized DB phases when DATABASE_URL is present","status":"passed","title":"splits into parallel non-DB + serialized DB phases when DATABASE_URL is present","duration":1.9775829999998678,"failureMessages":[],"meta":{}},{"ancestorTitles":["run-gated-local plan (Incident 42)"],"fullName":"run-gated-local plan (Incident 42) falls back to a single run when no DB suite exists to serialize","status":"passed","title":"falls back to a single run when no DB suite exists to serialize","duration":0.23191700000006676,"failureMessages":[],"meta":{}},{"ancestorTitles":["run-gated-local plan (Incident 42)"],"fullName":"run-gated-local plan (Incident 42) discovers the real repo DB suites by their SKIP_DB_IN_CI guard","status":"passed","title":"discovers the real repo DB suites by their SKIP_DB_IN_CI guard","duration":396.591042,"failureMessages":[],"meta":{}},{"ancestorTitles":["run-gated-local plan (Incident 42)"],"fullName":"run-gated-local plan (Incident 42) merges reports so the gate sees one honest run","status":"passed","title":"merges reports so the gate sees one honest run","duration":0.49654199999986304,"failureMessages":[],"meta":{}}],"startTime":1785308404414,"endTime":1785308404845.4966,"status":"passed","message":"","name":"/Users/danielwalker/src/ai-sports-betting-dime-ai/scripts/run-gated-local.test.ts"},{"assertionResults":[{"ancestorTitles":["verify-preview-production scanner"],"fullName":"verify-preview-production scanner passes a clean dist","status":"passed","title":"passes a clean dist","duration":23.16933300000005,"failureMessages":[],"meta":{}},{"ancestorTitles":["verify-preview-production scanner"],"fullName":"verify-preview-production scanner negative control: detects an injected activation canary","status":"passed","title":"negative control: detects an injected activation canary","duration":10.886042000000089,"failureMessages":[],"meta":{}},{"ancestorTitles":["verify-preview-production scanner"],"fullName":"verify-preview-production scanner negative control: detects a runtime preview query check","status":"passed","title":"negative control: detects a runtime preview query check","duration":4.551541000000043,"failureMessages":[],"meta":{}},{"ancestorTitles":["verify-preview-production scanner"],"fullName":"verify-preview-production scanner scans source maps, which carry original sources","status":"passed","title":"scans source maps, which carry original sources","duration":13.993667000000187,"failureMessages":[],"meta":{}},{"ancestorTitles":["verify-preview-production scanner"],"fullName":"verify-preview-production scanner reports inert plumbing as advisory, not failure","status":"passed","title":"reports inert plumbing as advisory, not failure","duration":7.092707999999902,"failureMessages":[],"meta":{}},{"ancestorTitles":["verify-preview-production scanner"],"fullName":"verify-preview-production scanner keeps the canary literal in sync with previewGate.ts","status":"passed","title":"keeps the canary literal in sync with previewGate.ts","duration":5.570791999999983,"failureMessages":[],"meta":{}}],"startTime":1785308399388,"endTime":1785308399451.5708,"status":"passed","message":"","name":"/Users/danielwalker/src/ai-sports-betting-dime-ai/scripts/verify-preview-production.test.ts"},{"assertionResults":[{"ancestorTitles":["computeMissingGames"],"fullName":"computeMissingGames returns nothing missing when the DB already has every final","status":"passed","title":"returns nothing missing when the DB already has every final","duration":9.38595799999996,"failureMessages":[],"meta":{}},{"ancestorTitles":["computeMissingGames"],"fullName":"computeMissingGames returns only the finals not present in the DB set","status":"passed","title":"returns only the finals not present in the DB set","duration":0.25024999999993724,"failureMessages":[],"meta":{}},{"ancestorTitles":["computeMissingGames"],"fullName":"computeMissingGames treats an empty DB set as everything missing (cold DB / first run)","status":"passed","title":"treats an empty DB set as everything missing (cold DB / first run)","duration":0.16695799999990868,"failureMessages":[],"meta":{}},{"ancestorTitles":["computeMissingGames"],"fullName":"computeMissingGames returns an empty array (not an error) when there are no finals at all","status":"passed","title":"returns an empty array (not an error) when there are no finals at all","duration":0.09466600000007475,"failureMessages":[],"meta":{}},{"ancestorTitles":["computeMissingGames"],"fullName":"computeMissingGames preserves dataset row shape (score fields) for downstream score cross-foot checks","status":"passed","title":"preserves dataset row shape (score fields) for downstream score cross-foot checks","duration":0.9247500000000173,"failureMessages":[],"meta":{}}],"startTime":1785308403309,"endTime":1785308403319.9248,"status":"passed","message":"","name":"/Users/danielwalker/src/ai-sports-betting-dime-ai/scripts/mlb-etl/refresh_canonical.test.ts"}]}