{"numTotalTestSuites":13,"numPassedTestSuites":13,"numFailedTestSuites":0,"numPendingTestSuites":0,"numTotalTests":57,"numPassedTests":57,"numFailedTests":0,"numPendingTests":0,"numTodoTests":0,"snapshot":{"added":0,"failure":false,"filesAdded":0,"filesRemoved":0,"filesRemovedList":[],"filesUnmatched":0,"filesUpdated":0,"matched":0,"total":0,"unchecked":0,"uncheckedKeysByFile":[],"unmatched":0,"updated":0,"didUpdate":false},"startTime":1785308446899,"success":true,"testResults":[{"assertionResults":[{"ancestorTitles":["appUsers.login — cookie issuance invariants"],"fullName":"appUsers.login — cookie issuance invariants [SL-1..9] stayLoggedIn=true issues 90-day persistent cookie with correct flags","status":"passed","title":"[SL-1..9] stayLoggedIn=true issues 90-day persistent cookie with correct flags","duration":2071.610417,"failureMessages":[],"meta":{}},{"ancestorTitles":["appUsers.login — cookie issuance invariants"],"fullName":"appUsers.login — cookie issuance invariants [SC-1..6] stayLoggedIn=false issues session cookie with maxAge=undefined","status":"passed","title":"[SC-1..6] stayLoggedIn=false issues session cookie with maxAge=undefined","duration":422.3063750000001,"failureMessages":[],"meta":{}},{"ancestorTitles":["appUsers.login — cookie issuance invariants"],"fullName":"appUsers.login — cookie issuance invariants [JW-1..6] JWT claims are correct: sub, role, type, tv, alg, exp","status":"passed","title":"[JW-1..6] JWT claims are correct: sub, role, type, tv, alg, exp","duration":391.4982909999999,"failureMessages":[],"meta":{}},{"ancestorTitles":["appUsers.login — cookie issuance invariants"],"fullName":"appUsers.login — cookie issuance invariants [TLS-1,2] HTTPS request produces secure=true, sameSite=none","status":"passed","title":"[TLS-1,2] HTTPS request produces secure=true, sameSite=none","duration":394.5868329999994,"failureMessages":[],"meta":{}},{"ancestorTitles":["appUsers.login — cookie issuance invariants"],"fullName":"appUsers.login — cookie issuance invariants [UN-1] login by username (without @) issues cookie correctly","status":"passed","title":"[UN-1] login by username (without @) issues cookie correctly","duration":404.6055000000006,"failureMessages":[],"meta":{}},{"ancestorTitles":["appUsers.login — cookie issuance invariants"],"fullName":"appUsers.login — cookie issuance invariants [UN-2] @username (with @ prefix) is treated as email lookup — throws UNAUTHORIZED","status":"passed","title":"[UN-2] @username (with @ prefix) is treated as email lookup — throws UNAUTHORIZED","duration":291.1681669999998,"failureMessages":[],"meta":{}},{"ancestorTitles":["appUsers.login — cookie issuance invariants"],"fullName":"appUsers.login — cookie issuance invariants [ER-1] throws UNAUTHORIZED for unknown email/username","status":"passed","title":"[ER-1] throws UNAUTHORIZED for unknown email/username","duration":1926.6384579999994,"failureMessages":[],"meta":{}},{"ancestorTitles":["appUsers.login — cookie issuance invariants"],"fullName":"appUsers.login — cookie issuance invariants [ER-2] throws UNAUTHORIZED for wrong password","status":"passed","title":"[ER-2] throws UNAUTHORIZED for wrong password","duration":296.7970000000005,"failureMessages":[],"meta":{}},{"ancestorTitles":["appUsers.login — cookie issuance invariants"],"fullName":"appUsers.login — cookie issuance invariants [ER-3] throws FORBIDDEN for hasAccess=false user","status":"passed","title":"[ER-3] throws FORBIDDEN for hasAccess=false user","duration":304.47325,"failureMessages":[],"meta":{}},{"ancestorTitles":["appUsers.login — cookie issuance invariants"],"fullName":"appUsers.login — cookie issuance invariants [ER-4] throws FORBIDDEN for expired user (expiryDate in the past)","status":"passed","title":"[ER-4] throws FORBIDDEN for expired user (expiryDate in the past)","duration":302.7237920000007,"failureMessages":[],"meta":{}}],"startTime":1785308477488,"endTime":1785308484294.7239,"status":"passed","message":"","name":"/Users/danielwalker/src/ai-sports-betting-dime-ai/server/appUsers.login.test.ts"},{"assertionResults":[{"ancestorTitles":["appUsers.register — createUser invariants (real DB)"],"fullName":"appUsers.register — createUser invariants (real DB) [CR-1..13] happy path: creates user, hashes password correctly, no cookie issued","status":"passed","title":"[CR-1..13] happy path: creates user, hashes password correctly, no cookie issued","duration":3036.445708,"failureMessages":[],"meta":{}},{"ancestorTitles":["appUsers.register — createUser invariants (real DB)"],"fullName":"appUsers.register — createUser invariants (real DB) [RV-1] role=admin is stored correctly","status":"passed","title":"[RV-1] role=admin is stored correctly","duration":676.6648329999998,"failureMessages":[],"meta":{}},{"ancestorTitles":["appUsers.register — createUser invariants (real DB)"],"fullName":"appUsers.register — createUser invariants (real DB) [RV-2] role=handicapper is stored correctly","status":"passed","title":"[RV-2] role=handicapper is stored correctly","duration":651.9987499999997,"failureMessages":[],"meta":{}},{"ancestorTitles":["appUsers.register — createUser invariants (real DB)"],"fullName":"appUsers.register — createUser invariants (real DB) [ER-1] throws CONFLICT when email is already in use","status":"passed","title":"[ER-1] throws CONFLICT when email is already in use","duration":748.3936659999999,"failureMessages":[],"meta":{}},{"ancestorTitles":["appUsers.register — createUser invariants (real DB)"],"fullName":"appUsers.register — createUser invariants (real DB) [ER-2] throws CONFLICT when username is already taken","status":"passed","title":"[ER-2] throws CONFLICT when username is already taken","duration":797.9612500000003,"failureMessages":[],"meta":{}},{"ancestorTitles":["appUsers.register — createUser invariants (real DB)"],"fullName":"appUsers.register — createUser invariants (real DB) [ER-3] Zod rejects password shorter than 8 chars (BAD_REQUEST)","status":"passed","title":"[ER-3] Zod rejects password shorter than 8 chars (BAD_REQUEST)","duration":288.368375,"failureMessages":[],"meta":{}},{"ancestorTitles":["appUsers.register — createUser invariants (real DB)"],"fullName":"appUsers.register — createUser invariants (real DB) [ER-4] Zod rejects invalid email format (BAD_REQUEST)","status":"passed","title":"[ER-4] Zod rejects invalid email format (BAD_REQUEST)","duration":301.52316600000086,"failureMessages":[],"meta":{}},{"ancestorTitles":["appUsers.register — createUser invariants (real DB)"],"fullName":"appUsers.register — createUser invariants (real DB) [ER-5] throws UNAUTHORIZED when called without owner JWT","status":"passed","title":"[ER-5] throws UNAUTHORIZED when called without owner JWT","duration":9.426250000000437,"failureMessages":[],"meta":{}}],"startTime":1785308487754,"endTime":1785308494265.4263,"status":"passed","message":"","name":"/Users/danielwalker/src/ai-sports-betting-dime-ai/server/appUsers.register.test.ts"},{"assertionResults":[{"ancestorTitles":["stripe.completeAccountSetup — auto-login cookie invariant"],"fullName":"stripe.completeAccountSetup — auto-login cookie invariant [HP-1..9] issues app_session cookie with correct flags and returns success","status":"passed","title":"[HP-1..9] issues app_session cookie with correct flags and returns success","duration":2964.224292000001,"failureMessages":[],"meta":{}},{"ancestorTitles":["stripe.completeAccountSetup — auto-login cookie invariant"],"fullName":"stripe.completeAccountSetup — auto-login cookie invariant [JW-1..6] JWT claims are correct: sub, role, type, tv, alg, exp","status":"passed","title":"[JW-1..6] JWT claims are correct: sub, role, type, tv, alg, exp","duration":758.2400420000013,"failureMessages":[],"meta":{}},{"ancestorTitles":["stripe.completeAccountSetup — auto-login cookie invariant"],"fullName":"stripe.completeAccountSetup — auto-login cookie invariant [TLS-1,2] HTTPS request produces secure=true, sameSite=none","status":"passed","title":"[TLS-1,2] HTTPS request produces secure=true, sameSite=none","duration":691.9062079999985,"failureMessages":[],"meta":{}},{"ancestorTitles":["stripe.completeAccountSetup — auto-login cookie invariant"],"fullName":"stripe.completeAccountSetup — auto-login cookie invariant [EC-1] already-setup user (pendingSetup=false, sessionId still set) returns alreadySetup=true without cookie","status":"passed","title":"[EC-1] already-setup user (pendingSetup=false, sessionId still set) returns alreadySetup=true without cookie","duration":217.09312499999942,"failureMessages":[],"meta":{}},{"ancestorTitles":["stripe.completeAccountSetup — auto-login cookie invariant"],"fullName":"stripe.completeAccountSetup — auto-login cookie invariant [ER-1] throws NOT_FOUND for unknown sessionId","status":"passed","title":"[ER-1] throws NOT_FOUND for unknown sessionId","duration":95.40137499999946,"failureMessages":[],"meta":{}},{"ancestorTitles":["stripe.completeAccountSetup — auto-login cookie invariant"],"fullName":"stripe.completeAccountSetup — auto-login cookie invariant [ER-2] throws CONFLICT when email is already used by a different user","status":"passed","title":"[ER-2] throws CONFLICT when email is already used by a different user","duration":1009.0151249999999,"failureMessages":[],"meta":{}},{"ancestorTitles":["stripe.completeAccountSetup — auto-login cookie invariant"],"fullName":"stripe.completeAccountSetup — auto-login cookie invariant [ER-3] Zod rejects password shorter than 8 chars","status":"passed","title":"[ER-3] Zod rejects password shorter than 8 chars","duration":235.23725000000013,"failureMessages":[],"meta":{}},{"ancestorTitles":["stripe.completeAccountSetup — auto-login cookie invariant"],"fullName":"stripe.completeAccountSetup — auto-login cookie invariant [ER-4] Zod rejects password without uppercase letter","status":"passed","title":"[ER-4] Zod rejects password without uppercase letter","duration":192.43633299999965,"failureMessages":[],"meta":{}},{"ancestorTitles":["stripe.completeAccountSetup — auto-login cookie invariant"],"fullName":"stripe.completeAccountSetup — auto-login cookie invariant [ER-5] Zod rejects password without lowercase letter","status":"passed","title":"[ER-5] Zod rejects password without lowercase letter","duration":206.47358300000087,"failureMessages":[],"meta":{}},{"ancestorTitles":["stripe.completeAccountSetup — auto-login cookie invariant"],"fullName":"stripe.completeAccountSetup — auto-login cookie invariant [ER-6] Zod rejects password without special character","status":"passed","title":"[ER-6] Zod rejects password without special character","duration":388.9864579999994,"failureMessages":[],"meta":{}}],"startTime":1785308456576,"endTime":1785308463345.9866,"status":"passed","message":"","name":"/Users/danielwalker/src/ai-sports-betting-dime-ai/server/completeAccountSetup.test.ts"},{"assertionResults":[{"ancestorTitles":["MLB doubleheader DB invariants (real database)"],"fullName":"MLB doubleheader DB invariants (real database) [DH-DB-1] both doubleheader games coexist as distinct rows","status":"passed","title":"[DH-DB-1] both doubleheader games coexist as distinct rows","duration":499.34904099999994,"failureMessages":[],"meta":{}},{"ancestorTitles":["MLB doubleheader DB invariants (real database)"],"fullName":"MLB doubleheader DB invariants (real database) [DH-DB-2] matchup unique index rejects duplicate (date, teams, gameNumber)","status":"passed","title":"[DH-DB-2] matchup unique index rejects duplicate (date, teams, gameNumber)","duration":96.08520899999985,"failureMessages":[],"meta":{}},{"ancestorTitles":["MLB doubleheader DB invariants (real database)"],"fullName":"MLB doubleheader DB invariants (real database) [DH-DB-3] gamePk unique index rejects duplicate provider identity","status":"passed","title":"[DH-DB-3] gamePk unique index rejects duplicate provider identity","duration":98.60658299999977,"failureMessages":[],"meta":{}},{"ancestorTitles":["MLB doubleheader DB invariants (real database)"],"fullName":"MLB doubleheader DB invariants (real database) [DH-DB-4] re-ingestion updates only the matching provider event","status":"passed","title":"[DH-DB-4] re-ingestion updates only the matching provider event","duration":596.2010409999998,"failureMessages":[],"meta":{}},{"ancestorTitles":["MLB doubleheader DB invariants (real database)"],"fullName":"MLB doubleheader DB invariants (real database) [DH-DB-5] concurrent ingestion cannot collapse or duplicate the games","status":"passed","title":"[DH-DB-5] concurrent ingestion cannot collapse or duplicate the games","duration":2549.240959,"failureMessages":[],"meta":{}},{"ancestorTitles":["MLB doubleheader DB invariants (real database)"],"fullName":"MLB doubleheader DB invariants (real database) [DH-DB-6] a stale snapshot cannot regress terminal status","status":"passed","title":"[DH-DB-6] a stale snapshot cannot regress terminal status","duration":504.78470800000014,"failureMessages":[],"meta":{}},{"ancestorTitles":["MLB doubleheader DB invariants (real database)"],"fullName":"MLB doubleheader DB invariants (real database) [DH-DB-8] two-phase apply survives a gameNumber permutation (swap-deadlock hardening)","status":"passed","title":"[DH-DB-8] two-phase apply survives a gameNumber permutation (swap-deadlock hardening)","duration":1893.9144159999996,"failureMessages":[],"meta":{}},{"ancestorTitles":["MLB doubleheader DB invariants (real database)"],"fullName":"MLB doubleheader DB invariants (real database) [DH-DB-9] same-pk reschedule end-to-end: old-date row relocates, no blocked insert (the 824766 pattern)","status":"passed","title":"[DH-DB-9] same-pk reschedule end-to-end: old-date row relocates, no blocked insert (the 824766 pattern)","duration":1376.7472500000003,"failureMessages":[],"meta":{}},{"ancestorTitles":["MLB doubleheader DB invariants (real database)"],"fullName":"MLB doubleheader DB invariants (real database) [DH-DB-7] incident shape end-to-end: legacy 7:10 row adopted by G2, G1 inserted","status":"passed","title":"[DH-DB-7] incident shape end-to-end: legacy 7:10 row adopted by G2, G1 inserted","duration":700.2122500000005,"failureMessages":[],"meta":{}}],"startTime":1785308507031,"endTime":1785308515347.2122,"status":"passed","message":"","name":"/Users/danielwalker/src/ai-sports-betting-dime-ai/server/mlbDoubleheader.db.test.ts"},{"assertionResults":[{"ancestorTitles":["passwordReset — requestPasswordReset + resetPassword invariants (real DB)"],"fullName":"passwordReset — requestPasswordReset + resetPassword invariants (real DB) [RQ-1] returns { success: true } for a valid email","status":"passed","title":"[RQ-1] returns { success: true } for a valid email","duration":2045.970625,"failureMessages":[],"meta":{}},{"ancestorTitles":["passwordReset — requestPasswordReset + resetPassword invariants (real DB)"],"fullName":"passwordReset — requestPasswordReset + resetPassword invariants (real DB) [RQ-2] returns { success: true } for a valid username","status":"passed","title":"[RQ-2] returns { success: true } for a valid username","duration":406.2836670000006,"failureMessages":[],"meta":{}},{"ancestorTitles":["passwordReset — requestPasswordReset + resetPassword invariants (real DB)"],"fullName":"passwordReset — requestPasswordReset + resetPassword invariants (real DB) [RQ-3] returns { success: true } for unknown email (anti-enumeration)","status":"passed","title":"[RQ-3] returns { success: true } for unknown email (anti-enumeration)","duration":97.24779200000012,"failureMessages":[],"meta":{}},{"ancestorTitles":["passwordReset — requestPasswordReset + resetPassword invariants (real DB)"],"fullName":"passwordReset — requestPasswordReset + resetPassword invariants (real DB) [RQ-4..8] DB token stored correctly + sendPasswordResetEmail called with correct args","status":"passed","title":"[RQ-4..8] DB token stored correctly + sendPasswordResetEmail called with correct args","duration":586.6553329999997,"failureMessages":[],"meta":{}},{"ancestorTitles":["passwordReset — requestPasswordReset + resetPassword invariants (real DB)"],"fullName":"passwordReset — requestPasswordReset + resetPassword invariants (real DB) [RQ-9] @username prefix is stripped before lookup","status":"passed","title":"[RQ-9] @username prefix is stripped before lookup","duration":528.2558329999993,"failureMessages":[],"meta":{}},{"ancestorTitles":["passwordReset — requestPasswordReset + resetPassword invariants (real DB)"],"fullName":"passwordReset — requestPasswordReset + resetPassword invariants (real DB) [RP-1..8] full reset chain: new hash, cost>=10, tokenVersion++, old hash cleared","status":"passed","title":"[RP-1..8] full reset chain: new hash, cost>=10, tokenVersion++, old hash cleared","duration":1255.1721249999991,"failureMessages":[],"meta":{}},{"ancestorTitles":["passwordReset — requestPasswordReset + resetPassword invariants (real DB)"],"fullName":"passwordReset — requestPasswordReset + resetPassword invariants (real DB) [RE-1] throws BAD_REQUEST for unknown uid","status":"passed","title":"[RE-1] throws BAD_REQUEST for unknown uid","duration":105.43500000000131,"failureMessages":[],"meta":{}},{"ancestorTitles":["passwordReset — requestPasswordReset + resetPassword invariants (real DB)"],"fullName":"passwordReset — requestPasswordReset + resetPassword invariants (real DB) [RE-2] throws BAD_REQUEST for wrong token (hash mismatch)","status":"passed","title":"[RE-2] throws BAD_REQUEST for wrong token (hash mismatch)","duration":418.67012500000055,"failureMessages":[],"meta":{}},{"ancestorTitles":["passwordReset — requestPasswordReset + resetPassword invariants (real DB)"],"fullName":"passwordReset — requestPasswordReset + resetPassword invariants (real DB) [RE-3] throws BAD_REQUEST when no reset is pending (no token in DB)","status":"passed","title":"[RE-3] throws BAD_REQUEST when no reset is pending (no token in DB)","duration":303.9391660000001,"failureMessages":[],"meta":{}},{"ancestorTitles":["passwordReset — requestPasswordReset + resetPassword invariants (real DB)"],"fullName":"passwordReset — requestPasswordReset + resetPassword invariants (real DB) [RE-4..5] throws BAD_REQUEST for expired token; expired token is cleared from DB","status":"passed","title":"[RE-4..5] throws BAD_REQUEST for expired token; expired token is cleared from DB","duration":628.6057079999991,"failureMessages":[],"meta":{}},{"ancestorTitles":["passwordReset — input validation (no DB)"],"fullName":"passwordReset — input validation (no DB) [RE-6] Zod rejects password shorter than 8 chars (BAD_REQUEST)","status":"passed","title":"[RE-6] Zod rejects password shorter than 8 chars (BAD_REQUEST)","duration":1.2190000000009604,"failureMessages":[],"meta":{}},{"ancestorTitles":["passwordReset — input validation (no DB)"],"fullName":"passwordReset — input validation (no DB) [RE-7] Zod rejects token not matching 64-char hex format (BAD_REQUEST)","status":"passed","title":"[RE-7] Zod rejects token not matching 64-char hex format (BAD_REQUEST)","duration":0.40129199999864795,"failureMessages":[],"meta":{}}],"startTime":1785308469264,"endTime":1785308475643.4014,"status":"passed","message":"","name":"/Users/danielwalker/src/ai-sports-betting-dime-ai/server/passwordReset.test.ts"},{"assertionResults":[{"ancestorTitles":["tokenVersion.db — DB-level and procedure-level force-logout invariants"],"fullName":"tokenVersion.db — DB-level and procedure-level force-logout invariants [TV-1..4] incrementTokenVersion increments DB tokenVersion atomically","status":"passed","title":"[TV-1..4] incrementTokenVersion increments DB tokenVersion atomically","duration":2628.157417,"failureMessages":[],"meta":{}},{"ancestorTitles":["tokenVersion.db — DB-level and procedure-level force-logout invariants"],"fullName":"tokenVersion.db — DB-level and procedure-level force-logout invariants [JR-1,2] stale tv JWT rejected; fresh tv JWT accepted by appUserProcedure (real DB)","status":"passed","title":"[JR-1,2] stale tv JWT rejected; fresh tv JWT accepted by appUserProcedure (real DB)","duration":645.3633749999999,"failureMessages":[],"meta":{}},{"ancestorTitles":["tokenVersion.db — DB-level and procedure-level force-logout invariants"],"fullName":"tokenVersion.db — DB-level and procedure-level force-logout invariants [JR-3] JWT without tv claim (tv=null) is accepted — null skips the tokenVersion check","status":"passed","title":"[JR-3] JWT without tv claim (tv=null) is accepted — null skips the tokenVersion check","duration":498.3222079999996,"failureMessages":[],"meta":{}},{"ancestorTitles":["tokenVersion.db — DB-level and procedure-level force-logout invariants"],"fullName":"tokenVersion.db — DB-level and procedure-level force-logout invariants [FL-1,2] forceLogoutUser increments tokenVersion and returns newTokenVersion","status":"passed","title":"[FL-1,2] forceLogoutUser increments tokenVersion and returns newTokenVersion","duration":895.3707079999995,"failureMessages":[],"meta":{}},{"ancestorTitles":["tokenVersion.db — DB-level and procedure-level force-logout invariants"],"fullName":"tokenVersion.db — DB-level and procedure-level force-logout invariants [FL-3] forceLogoutUser throws BAD_REQUEST when owner tries to logout themselves","status":"passed","title":"[FL-3] forceLogoutUser throws BAD_REQUEST when owner tries to logout themselves","duration":308.90291700000034,"failureMessages":[],"meta":{}},{"ancestorTitles":["tokenVersion.db — DB-level and procedure-level force-logout invariants"],"fullName":"tokenVersion.db — DB-level and procedure-level force-logout invariants [FL-4] forceLogoutUser throws NOT_FOUND for unknown userId","status":"passed","title":"[FL-4] forceLogoutUser throws NOT_FOUND for unknown userId","duration":381.31275000000005,"failureMessages":[],"meta":{}},{"ancestorTitles":["tokenVersion.db — DB-level and procedure-level force-logout invariants"],"fullName":"tokenVersion.db — DB-level and procedure-level force-logout invariants [FL-5,6] end-to-end: old JWT rejected after forceLogoutUser; new JWT accepted","status":"passed","title":"[FL-5,6] end-to-end: old JWT rejected after forceLogoutUser; new JWT accepted","duration":1076.4782079999995,"failureMessages":[],"meta":{}},{"ancestorTitles":["tokenVersion.db — DB-level and procedure-level force-logout invariants"],"fullName":"tokenVersion.db — DB-level and procedure-level force-logout invariants [FA-1..3] incrementAllTokenVersions increments all users except the excluded owner","status":"passed","title":"[FA-1..3] incrementAllTokenVersions increments all users except the excluded owner","duration":814.9359169999989,"failureMessages":[],"meta":{}}],"startTime":1785308496818,"endTime":1785308504066.936,"status":"passed","message":"","name":"/Users/danielwalker/src/ai-sports-betting-dime-ai/server/tokenVersion.db.test.ts"}]}